<?xml version="1.0" encoding="UTF-8"?>
<testsuite name="com.kodilla.stream.com.kodilla.stream.com.kodilla.stream.sand.SandStorageTestSuite" tests="2"
           skipped="0" failures="0" errors="0" timestamp="2019-05-22T20:48:17" hostname="DESKTOP-6DHFJAR" time="0.006">
    <properties/>
    <testcase name="testGetSandBeansQuantity"
              classname="com.kodilla.stream.com.kodilla.stream.com.kodilla.stream.sand.SandStorageTestSuite"
              time="0.003"/>
    <testcase name="testGetSandBeansQuantityWithReduce"
              classname="com.kodilla.stream.com.kodilla.stream.com.kodilla.stream.sand.SandStorageTestSuite"
              time="0.003"/>
    <system-out><![CDATA[]]></system-out>
    <system-err><![CDATA[]]></system-err>
</testsuite>
