<?xml version="1.0" encoding="UTF-8"?>
<testsuite name="com.kodilla.stream.world.WorldTest" tests="1" skipped="0" failures="0" errors="0"
           timestamp="2019-05-22T20:48:17" hostname="DESKTOP-6DHFJAR" time="0.001">
    <properties/>
    <testcase name="testGetPeopleQuantity" classname="com.kodilla.stream.world.WorldTest" time="0.001"/>
    <system-out><![CDATA[]]></system-out>
    <system-err><![CDATA[]]></system-err>
</testsuite>
