<?xml version="1.0" encoding="UTF-8"?>
<testsuite name="com.kodilla.stream.ForumUserTestSuite" tests="2" skipped="0" failures="0" errors="0"
           timestamp="2019-05-22T20:48:17" hostname="DESKTOP-6DHFJAR" time="0.001">
    <properties/>
    <testcase name="testGetLocationsOfFriends" classname="com.kodilla.stream.ForumUserTestSuite" time="0.0"/>
    <testcase name="testGetLocationsOfFriendsOfFriends" classname="com.kodilla.stream.ForumUserTestSuite" time="0.001"/>
    <system-out><![CDATA[]]></system-out>
    <system-err><![CDATA[]]></system-err>
</testsuite>
