<?xml version="1.0" encoding="UTF-8"?>
<testsuite name="com.kodilla.stream.com.kodilla.stream.forum.ForumUserTestSuite" tests="2" skipped="0" failures="0"
           errors="0" timestamp="2019-05-22T20:48:17" hostname="DESKTOP-6DHFJAR" time="0.005">
    <properties/>
    <testcase name="testGetLocationsOfFriends"
              classname="com.kodilla.stream.com.kodilla.stream.forum.ForumUserTestSuite" time="0.003"/>
    <testcase name="testGetLocationsOfFriendsOfFriends"
              classname="com.kodilla.stream.com.kodilla.stream.forum.ForumUserTestSuite" time="0.002"/>
    <system-out><![CDATA[]]></system-out>
    <system-err><![CDATA[]]></system-err>
</testsuite>
