<?xml version="1.0" encoding="UTF-8"?>
<testsuite name="com.kodilla.spring.forum.ForumUserTestSuite" tests="1" skipped="0" failures="0" errors="0"
           timestamp="2019-05-22T20:48:15" hostname="DESKTOP-6DHFJAR" time="0.004">
    <properties/>
    <testcase name="testGetUsername" classname="com.kodilla.spring.forum.ForumUserTestSuite" time="0.004"/>
    <system-out><![CDATA[2019-05-22 22:48:15.097  INFO 10048 --- [    Test worker] .b.t.c.SpringBootTestContextBootstrapper : Neither @ContextConfiguration nor @ContextHierarchy found for test class [com.kodilla.spring.forum.ForumUserTestSuite], using SpringBootContextLoader
2019-05-22 22:48:15.097  INFO 10048 --- [    Test worker] o.s.t.c.support.AbstractContextLoader    : Could not detect default resource locations for test class [com.kodilla.spring.forum.ForumUserTestSuite]: no resource found for suffixes {-context.xml, Context.groovy}.
2019-05-22 22:48:15.097  INFO 10048 --- [    Test worker] t.c.s.AnnotationConfigContextLoaderUtils : Could not detect default configuration classes for test class [com.kodilla.spring.forum.ForumUserTestSuite]: ForumUserTestSuite does not declare any static, non-private, non-final, nested classes annotated with @Configuration.
2019-05-22 22:48:15.112  INFO 10048 --- [    Test worker] .b.t.c.SpringBootTestContextBootstrapper : Found @SpringBootConfiguration com.kodilla.spring.SpringRunner for test class com.kodilla.spring.forum.ForumUserTestSuite
2019-05-22 22:48:15.112  INFO 10048 --- [    Test worker] .b.t.c.SpringBootTestContextBootstrapper : Loaded default TestExecutionListener class names from location [META-INF/spring.factories]: [org.springframework.boot.test.autoconfigure.restdocs.RestDocsTestExecutionListener, org.springframework.boot.test.autoconfigure.web.client.MockRestServiceServerResetTestExecutionListener, org.springframework.boot.test.autoconfigure.web.servlet.MockMvcPrintOnlyOnFailureTestExecutionListener, org.springframework.boot.test.autoconfigure.web.servlet.WebDriverTestExecutionListener, org.springframework.boot.test.mock.mockito.MockitoTestExecutionListener, org.springframework.boot.test.mock.mockito.ResetMocksTestExecutionListener, org.springframework.test.context.web.ServletTestExecutionListener, org.springframework.test.context.support.DirtiesContextBeforeModesTestExecutionListener, org.springframework.test.context.support.DependencyInjectionTestExecutionListener, org.springframework.test.context.support.DirtiesContextTestExecutionListener, org.springframework.test.context.transaction.TransactionalTestExecutionListener, org.springframework.test.context.jdbc.SqlScriptsTestExecutionListener]
2019-05-22 22:48:15.112  INFO 10048 --- [    Test worker] .b.t.c.SpringBootTestContextBootstrapper : Using TestExecutionListeners: [org.springframework.test.context.support.DirtiesContextBeforeModesTestExecutionListener@9f8ee64, org.springframework.boot.test.mock.mockito.MockitoTestExecutionListener@1180f2e0, org.springframework.boot.test.autoconfigure.SpringBootDependencyInjectionTestExecutionListener@4cf31aa8, org.springframework.test.context.support.DirtiesContextTestExecutionListener@64c1b4f9, org.springframework.boot.test.autoconfigure.restdocs.RestDocsTestExecutionListener@2a04fdcb, org.springframework.boot.test.autoconfigure.web.client.MockRestServiceServerResetTestExecutionListener@3c051d99, org.springframework.boot.test.autoconfigure.web.servlet.MockMvcPrintOnlyOnFailureTestExecutionListener@687766eb, org.springframework.boot.test.autoconfigure.web.servlet.WebDriverTestExecutionListener@1787160, org.springframework.boot.test.mock.mockito.ResetMocksTestExecutionListener@c9f3e21]
]]></system-out>
    <system-err><![CDATA[]]></system-err>
</testsuite>
