<?xml version="1.0" encoding="UTF-8"?>
<testsuite name="com.kodilla.spring.portfolio.BoardTestSuite" tests="1" skipped="0" failures="0" errors="0" timestamp="2019-06-25T17:11:36" hostname="DESKTOP-6DHFJAR" time="0.006">
  <properties/>
  <testcase name="testTaskAdd" classname="com.kodilla.spring.portfolio.BoardTestSuite" time="0.006"/>
  <system-out><![CDATA[TASK1
TASK2
TASK3
]]></system-out>
  <system-err><![CDATA[]]></system-err>
</testsuite>
