<?xml version="1.0" encoding="UTF-8"?>
<testsuite name="com.kodilla.hibernate.invoice.dao.InvoiceDaoTestSuite" tests="1" skipped="0" failures="0" errors="0" timestamp="2019-06-26T14:33:40" hostname="DESKTOP-6DHFJAR" time="0.026">
  <properties/>
  <testcase name="testInvoiceDaoSave" classname="com.kodilla.hibernate.invoice.dao.InvoiceDaoTestSuite" time="0.026"/>
  <system-out><![CDATA[2019-06-26 16:33:40.592  INFO 10632 --- [    Test worker] .b.t.c.SpringBootTestContextBootstrapper : Neither @ContextConfiguration nor @ContextHierarchy found for test class [com.kodilla.hibernate.invoice.dao.InvoiceDaoTestSuite], using SpringBootContextLoader
2019-06-26 16:33:40.592  INFO 10632 --- [    Test worker] o.s.t.c.support.AbstractContextLoader    : Could not detect default resource locations for test class [com.kodilla.hibernate.invoice.dao.InvoiceDaoTestSuite]: no resource found for suffixes {-context.xml, Context.groovy}.
2019-06-26 16:33:40.592  INFO 10632 --- [    Test worker] t.c.s.AnnotationConfigContextLoaderUtils : Could not detect default configuration classes for test class [com.kodilla.hibernate.invoice.dao.InvoiceDaoTestSuite]: InvoiceDaoTestSuite does not declare any static, non-private, non-final, nested classes annotated with @Configuration.
2019-06-26 16:33:40.592  INFO 10632 --- [    Test worker] .b.t.c.SpringBootTestContextBootstrapper : Found @SpringBootConfiguration com.kodilla.hibernate.KodillaHibernateApplication for test class com.kodilla.hibernate.invoice.dao.InvoiceDaoTestSuite
2019-06-26 16:33:40.592  INFO 10632 --- [    Test worker] .b.t.c.SpringBootTestContextBootstrapper : Loaded default TestExecutionListener class names from location [META-INF/spring.factories]: [org.springframework.boot.test.autoconfigure.restdocs.RestDocsTestExecutionListener, org.springframework.boot.test.autoconfigure.web.client.MockRestServiceServerResetTestExecutionListener, org.springframework.boot.test.autoconfigure.web.servlet.MockMvcPrintOnlyOnFailureTestExecutionListener, org.springframework.boot.test.autoconfigure.web.servlet.WebDriverTestExecutionListener, org.springframework.boot.test.mock.mockito.MockitoTestExecutionListener, org.springframework.boot.test.mock.mockito.ResetMocksTestExecutionListener, org.springframework.test.context.web.ServletTestExecutionListener, org.springframework.test.context.support.DirtiesContextBeforeModesTestExecutionListener, org.springframework.test.context.support.DependencyInjectionTestExecutionListener, org.springframework.test.context.support.DirtiesContextTestExecutionListener, org.springframework.test.context.transaction.TransactionalTestExecutionListener, org.springframework.test.context.jdbc.SqlScriptsTestExecutionListener]
2019-06-26 16:33:40.592  INFO 10632 --- [    Test worker] .b.t.c.SpringBootTestContextBootstrapper : Using TestExecutionListeners: [org.springframework.test.context.support.DirtiesContextBeforeModesTestExecutionListener@1dbad755, org.springframework.boot.test.mock.mockito.MockitoTestExecutionListener@6b928924, org.springframework.boot.test.autoconfigure.SpringBootDependencyInjectionTestExecutionListener@468f5370, org.springframework.test.context.support.DirtiesContextTestExecutionListener@34947e67, org.springframework.test.context.transaction.TransactionalTestExecutionListener@7f5f07df, org.springframework.test.context.jdbc.SqlScriptsTestExecutionListener@7b6ab9, org.springframework.boot.test.autoconfigure.restdocs.RestDocsTestExecutionListener@3c53ad15, org.springframework.boot.test.autoconfigure.web.client.MockRestServiceServerResetTestExecutionListener@2ba38bbe, org.springframework.boot.test.autoconfigure.web.servlet.MockMvcPrintOnlyOnFailureTestExecutionListener@2cc500ea, org.springframework.boot.test.autoconfigure.web.servlet.WebDriverTestExecutionListener@77309969, org.springframework.boot.test.mock.mockito.ResetMocksTestExecutionListener@56aaa99f]
2019-06-26 16:33:40.592  INFO 10632 --- [    Test worker] o.s.t.c.transaction.TransactionContext   : Began transaction (1) for test context [DefaultTestContext@a44a30f testClass = InvoiceDaoTestSuite, testInstance = com.kodilla.hibernate.invoice.dao.InvoiceDaoTestSuite@71865157, testMethod = testInvoiceDaoSave@InvoiceDaoTestSuite, testException = [null], mergedContextConfiguration = [MergedContextConfiguration@5afd81e3 testClass = InvoiceDaoTestSuite, locations = '{}', classes = '{class com.kodilla.hibernate.KodillaHibernateApplication}', contextInitializerClasses = '[]', activeProfiles = '{}', propertySourceLocations = '{}', propertySourceProperties = '{org.springframework.boot.test.context.SpringBootTestContextBootstrapper=true}', contextCustomizers = set[org.springframework.boot.test.autoconfigure.properties.PropertyMappingContextCustomizer@0, org.springframework.boot.test.autoconfigure.web.servlet.WebDriverContextCustomizerFactory$Customizer@66a8b5fa, org.springframework.boot.test.context.filter.ExcludeFilterContextCustomizer@41a87ee2, org.springframework.boot.test.json.DuplicateJsonObjectContextCustomizerFactory$DuplicateJsonObjectContextCustomizer@167d9161, org.springframework.boot.test.mock.mockito.MockitoContextCustomizer@0, org.springframework.boot.test.web.client.TestRestTemplateContextCustomizer@7f520920], contextLoader = 'org.springframework.boot.test.context.SpringBootContextLoader', parent = [null]], attributes = map[[empty]]]; transaction manager [org.springframework.orm.jpa.JpaTransactionManager@15c7a359]; rollback [true]
Hibernate: select next_val as id_val from hibernate_sequence for update
Hibernate: update hibernate_sequence set next_val= ? where next_val=?
Hibernate: select next_val as id_val from hibernate_sequence for update
Hibernate: update hibernate_sequence set next_val= ? where next_val=?
Hibernate: select next_val as id_val from hibernate_sequence for update
Hibernate: update hibernate_sequence set next_val= ? where next_val=?
2019-06-26 16:33:40.624  INFO 10632 --- [    Test worker] o.s.t.c.transaction.TransactionContext   : Rolled back transaction for test: [DefaultTestContext@a44a30f testClass = InvoiceDaoTestSuite, testInstance = com.kodilla.hibernate.invoice.dao.InvoiceDaoTestSuite@71865157, testMethod = testInvoiceDaoSave@InvoiceDaoTestSuite, testException = [null], mergedContextConfiguration = [MergedContextConfiguration@5afd81e3 testClass = InvoiceDaoTestSuite, locations = '{}', classes = '{class com.kodilla.hibernate.KodillaHibernateApplication}', contextInitializerClasses = '[]', activeProfiles = '{}', propertySourceLocations = '{}', propertySourceProperties = '{org.springframework.boot.test.context.SpringBootTestContextBootstrapper=true}', contextCustomizers = set[org.springframework.boot.test.autoconfigure.properties.PropertyMappingContextCustomizer@0, org.springframework.boot.test.autoconfigure.web.servlet.WebDriverContextCustomizerFactory$Customizer@66a8b5fa, org.springframework.boot.test.context.filter.ExcludeFilterContextCustomizer@41a87ee2, org.springframework.boot.test.json.DuplicateJsonObjectContextCustomizerFactory$DuplicateJsonObjectContextCustomizer@167d9161, org.springframework.boot.test.mock.mockito.MockitoContextCustomizer@0, org.springframework.boot.test.web.client.TestRestTemplateContextCustomizer@7f520920], contextLoader = 'org.springframework.boot.test.context.SpringBootContextLoader', parent = [null]], attributes = map[[empty]]]
]]></system-out>
  <system-err><![CDATA[]]></system-err>
</testsuite>
