<?xml version="1.0" encoding="UTF-8"?>
<testsuite name="com.kodilla.hibernate.KodillaHibernateApplicationTests" tests="1" skipped="0" failures="0" errors="0" timestamp="2019-09-09T17:04:59" hostname="DESKTOP-6DHFJAR" time="0.001">
  <properties/>
  <testcase name="contextLoads" classname="com.kodilla.hibernate.KodillaHibernateApplicationTests" time="0.001"/>
  <system-out><![CDATA[2019-09-09 19:04:59.051  INFO 9192 --- [    Test worker] .b.t.c.SpringBootTestContextBootstrapper : Neither @ContextConfiguration nor @ContextHierarchy found for test class [com.kodilla.hibernate.KodillaHibernateApplicationTests], using SpringBootContextLoader
2019-09-09 19:04:59.052  INFO 9192 --- [    Test worker] o.s.t.c.support.AbstractContextLoader    : Could not detect default resource locations for test class [com.kodilla.hibernate.KodillaHibernateApplicationTests]: no resource found for suffixes {-context.xml, Context.groovy}.
2019-09-09 19:04:59.052  INFO 9192 --- [    Test worker] t.c.s.AnnotationConfigContextLoaderUtils : Could not detect default configuration classes for test class [com.kodilla.hibernate.KodillaHibernateApplicationTests]: KodillaHibernateApplicationTests does not declare any static, non-private, non-final, nested classes annotated with @Configuration.
2019-09-09 19:04:59.054  INFO 9192 --- [    Test worker] .b.t.c.SpringBootTestContextBootstrapper : Found @SpringBootConfiguration com.kodilla.hibernate.KodillaHibernateApplication for test class com.kodilla.hibernate.KodillaHibernateApplicationTests
2019-09-09 19:04:59.055  INFO 9192 --- [    Test worker] .b.t.c.SpringBootTestContextBootstrapper : Loaded default TestExecutionListener class names from location [META-INF/spring.factories]: [org.springframework.boot.test.autoconfigure.restdocs.RestDocsTestExecutionListener, org.springframework.boot.test.autoconfigure.web.client.MockRestServiceServerResetTestExecutionListener, org.springframework.boot.test.autoconfigure.web.servlet.MockMvcPrintOnlyOnFailureTestExecutionListener, org.springframework.boot.test.autoconfigure.web.servlet.WebDriverTestExecutionListener, org.springframework.boot.test.mock.mockito.MockitoTestExecutionListener, org.springframework.boot.test.mock.mockito.ResetMocksTestExecutionListener, org.springframework.test.context.web.ServletTestExecutionListener, org.springframework.test.context.support.DirtiesContextBeforeModesTestExecutionListener, org.springframework.test.context.support.DependencyInjectionTestExecutionListener, org.springframework.test.context.support.DirtiesContextTestExecutionListener, org.springframework.test.context.transaction.TransactionalTestExecutionListener, org.springframework.test.context.jdbc.SqlScriptsTestExecutionListener]
2019-09-09 19:04:59.055  INFO 9192 --- [    Test worker] .b.t.c.SpringBootTestContextBootstrapper : Using TestExecutionListeners: [org.springframework.test.context.support.DirtiesContextBeforeModesTestExecutionListener@7b109392, org.springframework.boot.test.mock.mockito.MockitoTestExecutionListener@3d042cd5, org.springframework.boot.test.autoconfigure.SpringBootDependencyInjectionTestExecutionListener@4b9a4a43, org.springframework.test.context.support.DirtiesContextTestExecutionListener@3bd9527a, org.springframework.test.context.transaction.TransactionalTestExecutionListener@442aca90, org.springframework.test.context.jdbc.SqlScriptsTestExecutionListener@58d43444, org.springframework.boot.test.autoconfigure.restdocs.RestDocsTestExecutionListener@4185a54f, org.springframework.boot.test.autoconfigure.web.client.MockRestServiceServerResetTestExecutionListener@30be7587, org.springframework.boot.test.autoconfigure.web.servlet.MockMvcPrintOnlyOnFailureTestExecutionListener@2252574a, org.springframework.boot.test.autoconfigure.web.servlet.WebDriverTestExecutionListener@5bdd3150, org.springframework.boot.test.mock.mockito.ResetMocksTestExecutionListener@379e58b9]
]]></system-out>
  <system-err><![CDATA[]]></system-err>
</testsuite>
