<?xml version="1.0" encoding="UTF-8"?>
<testsuite name="com.kodilla.hibernate.tasklist.dao.TaskListDaoTestSuite" tests="1" skipped="0" failures="0" errors="0" timestamp="2019-06-16T18:23:58" hostname="DESKTOP-6DHFJAR" time="0.015">
  <properties/>
  <testcase name="testFindByListName" classname="com.kodilla.hibernate.tasklist.dao.TaskListDaoTestSuite" time="0.015"/>
  <system-out><![CDATA[2019-06-16 20:23:58.074  INFO 10144 --- [    Test worker] .b.t.c.SpringBootTestContextBootstrapper : Neither @ContextConfiguration nor @ContextHierarchy found for test class [com.kodilla.hibernate.tasklist.dao.TaskListDaoTestSuite], using SpringBootContextLoader
2019-06-16 20:23:58.074  INFO 10144 --- [    Test worker] o.s.t.c.support.AbstractContextLoader    : Could not detect default resource locations for test class [com.kodilla.hibernate.tasklist.dao.TaskListDaoTestSuite]: no resource found for suffixes {-context.xml, Context.groovy}.
2019-06-16 20:23:58.074  INFO 10144 --- [    Test worker] t.c.s.AnnotationConfigContextLoaderUtils : Could not detect default configuration classes for test class [com.kodilla.hibernate.tasklist.dao.TaskListDaoTestSuite]: TaskListDaoTestSuite does not declare any static, non-private, non-final, nested classes annotated with @Configuration.
2019-06-16 20:23:58.079  INFO 10144 --- [    Test worker] .b.t.c.SpringBootTestContextBootstrapper : Found @SpringBootConfiguration com.kodilla.hibernate.KodillaHibernateApplication for test class com.kodilla.hibernate.tasklist.dao.TaskListDaoTestSuite
2019-06-16 20:23:58.079  INFO 10144 --- [    Test worker] .b.t.c.SpringBootTestContextBootstrapper : Loaded default TestExecutionListener class names from location [META-INF/spring.factories]: [org.springframework.boot.test.autoconfigure.restdocs.RestDocsTestExecutionListener, org.springframework.boot.test.autoconfigure.web.client.MockRestServiceServerResetTestExecutionListener, org.springframework.boot.test.autoconfigure.web.servlet.MockMvcPrintOnlyOnFailureTestExecutionListener, org.springframework.boot.test.autoconfigure.web.servlet.WebDriverTestExecutionListener, org.springframework.boot.test.mock.mockito.MockitoTestExecutionListener, org.springframework.boot.test.mock.mockito.ResetMocksTestExecutionListener, org.springframework.test.context.web.ServletTestExecutionListener, org.springframework.test.context.support.DirtiesContextBeforeModesTestExecutionListener, org.springframework.test.context.support.DependencyInjectionTestExecutionListener, org.springframework.test.context.support.DirtiesContextTestExecutionListener, org.springframework.test.context.transaction.TransactionalTestExecutionListener, org.springframework.test.context.jdbc.SqlScriptsTestExecutionListener]
2019-06-16 20:23:58.079  INFO 10144 --- [    Test worker] .b.t.c.SpringBootTestContextBootstrapper : Using TestExecutionListeners: [org.springframework.test.context.support.DirtiesContextBeforeModesTestExecutionListener@2a7e72f, org.springframework.boot.test.mock.mockito.MockitoTestExecutionListener@2aa24874, org.springframework.boot.test.autoconfigure.SpringBootDependencyInjectionTestExecutionListener@4b149b9, org.springframework.test.context.support.DirtiesContextTestExecutionListener@3d89b8a1, org.springframework.test.context.transaction.TransactionalTestExecutionListener@aabea0, org.springframework.test.context.jdbc.SqlScriptsTestExecutionListener@38f3a729, org.springframework.boot.test.autoconfigure.restdocs.RestDocsTestExecutionListener@3601dd0f, org.springframework.boot.test.autoconfigure.web.client.MockRestServiceServerResetTestExecutionListener@463d27de, org.springframework.boot.test.autoconfigure.web.servlet.MockMvcPrintOnlyOnFailureTestExecutionListener@13b7ce07, org.springframework.boot.test.autoconfigure.web.servlet.WebDriverTestExecutionListener@36d8f9b7, org.springframework.boot.test.mock.mockito.ResetMocksTestExecutionListener@e09b3c6]
2019-06-16 20:23:58.090  INFO 10144 --- [    Test worker] o.s.t.c.transaction.TransactionContext   : Began transaction (1) for test context [DefaultTestContext@735328b5 testClass = TaskListDaoTestSuite, testInstance = com.kodilla.hibernate.tasklist.dao.TaskListDaoTestSuite@4b7800ff, testMethod = testFindByListName@TaskListDaoTestSuite, testException = [null], mergedContextConfiguration = [MergedContextConfiguration@59857fd1 testClass = TaskListDaoTestSuite, locations = '{}', classes = '{class com.kodilla.hibernate.KodillaHibernateApplication}', contextInitializerClasses = '[]', activeProfiles = '{}', propertySourceLocations = '{}', propertySourceProperties = '{org.springframework.boot.test.context.SpringBootTestContextBootstrapper=true}', contextCustomizers = set[org.springframework.boot.test.autoconfigure.properties.PropertyMappingContextCustomizer@0, org.springframework.boot.test.autoconfigure.web.servlet.WebDriverContextCustomizerFactory$Customizer@16f47ba8, org.springframework.boot.test.context.filter.ExcludeFilterContextCustomizer@4189e06d, org.springframework.boot.test.json.DuplicateJsonObjectContextCustomizerFactory$DuplicateJsonObjectContextCustomizer@2357a8de, org.springframework.boot.test.mock.mockito.MockitoContextCustomizer@0, org.springframework.boot.test.web.client.TestRestTemplateContextCustomizer@2470b43], contextLoader = 'org.springframework.boot.test.context.SpringBootContextLoader', parent = [null]], attributes = map[[empty]]]; transaction manager [org.springframework.orm.jpa.JpaTransactionManager@743af5dc]; rollback [true]
Hibernate: select next_val as id_val from hibernate_sequence for update
Hibernate: update hibernate_sequence set next_val= ? where next_val=?
Hibernate: insert into tasklist (description, listname, id) values (?, ?, ?)
Hibernate: select tasklist0_.id as id1_4_, tasklist0_.description as descript2_4_, tasklist0_.listname as listname3_4_ from tasklist tasklist0_ where tasklist0_.listname=?
2019-06-16 20:23:58.095  INFO 10144 --- [    Test worker] o.s.t.c.transaction.TransactionContext   : Rolled back transaction for test: [DefaultTestContext@735328b5 testClass = TaskListDaoTestSuite, testInstance = com.kodilla.hibernate.tasklist.dao.TaskListDaoTestSuite@4b7800ff, testMethod = testFindByListName@TaskListDaoTestSuite, testException = [null], mergedContextConfiguration = [MergedContextConfiguration@59857fd1 testClass = TaskListDaoTestSuite, locations = '{}', classes = '{class com.kodilla.hibernate.KodillaHibernateApplication}', contextInitializerClasses = '[]', activeProfiles = '{}', propertySourceLocations = '{}', propertySourceProperties = '{org.springframework.boot.test.context.SpringBootTestContextBootstrapper=true}', contextCustomizers = set[org.springframework.boot.test.autoconfigure.properties.PropertyMappingContextCustomizer@0, org.springframework.boot.test.autoconfigure.web.servlet.WebDriverContextCustomizerFactory$Customizer@16f47ba8, org.springframework.boot.test.context.filter.ExcludeFilterContextCustomizer@4189e06d, org.springframework.boot.test.json.DuplicateJsonObjectContextCustomizerFactory$DuplicateJsonObjectContextCustomizer@2357a8de, org.springframework.boot.test.mock.mockito.MockitoContextCustomizer@0, org.springframework.boot.test.web.client.TestRestTemplateContextCustomizer@2470b43], contextLoader = 'org.springframework.boot.test.context.SpringBootContextLoader', parent = [null]], attributes = map[[empty]]]
]]></system-out>
  <system-err><![CDATA[]]></system-err>
</testsuite>
