<?xml version="1.0" encoding="UTF-8"?>
<testsuite name="com.kodilla.hibernate.invoice.dao.InvoiceDaoTestSuite" tests="1" skipped="0" failures="0" errors="0" timestamp="2019-06-16T18:23:57" hostname="DESKTOP-6DHFJAR" time="0.034">
  <properties/>
  <testcase name="testInvoiceDaoSave" classname="com.kodilla.hibernate.invoice.dao.InvoiceDaoTestSuite" time="0.034"/>
  <system-out><![CDATA[20:23:55.275 [Test worker] DEBUG org.springframework.test.context.junit4.SpringJUnit4ClassRunner - SpringJUnit4ClassRunner constructor called with [class com.kodilla.hibernate.invoice.dao.InvoiceDaoTestSuite]
20:23:55.280 [Test worker] DEBUG org.springframework.test.context.BootstrapUtils - Instantiating CacheAwareContextLoaderDelegate from class [org.springframework.test.context.cache.DefaultCacheAwareContextLoaderDelegate]
20:23:55.285 [Test worker] DEBUG org.springframework.test.context.BootstrapUtils - Instantiating BootstrapContext using constructor [public org.springframework.test.context.support.DefaultBootstrapContext(java.lang.Class,org.springframework.test.context.CacheAwareContextLoaderDelegate)]
20:23:55.295 [Test worker] DEBUG org.springframework.test.context.BootstrapUtils - Instantiating TestContextBootstrapper for test class [com.kodilla.hibernate.invoice.dao.InvoiceDaoTestSuite] from class [org.springframework.boot.test.context.SpringBootTestContextBootstrapper]
20:23:55.310 [Test worker] INFO org.springframework.boot.test.context.SpringBootTestContextBootstrapper - Neither @ContextConfiguration nor @ContextHierarchy found for test class [com.kodilla.hibernate.invoice.dao.InvoiceDaoTestSuite], using SpringBootContextLoader
20:23:55.310 [Test worker] DEBUG org.springframework.test.context.support.AbstractContextLoader - Did not detect default resource location for test class [com.kodilla.hibernate.invoice.dao.InvoiceDaoTestSuite]: class path resource [com/kodilla/hibernate/invoice/dao/InvoiceDaoTestSuite-context.xml] does not exist
20:23:55.310 [Test worker] DEBUG org.springframework.test.context.support.AbstractContextLoader - Did not detect default resource location for test class [com.kodilla.hibernate.invoice.dao.InvoiceDaoTestSuite]: class path resource [com/kodilla/hibernate/invoice/dao/InvoiceDaoTestSuiteContext.groovy] does not exist
20:23:55.310 [Test worker] INFO org.springframework.test.context.support.AbstractContextLoader - Could not detect default resource locations for test class [com.kodilla.hibernate.invoice.dao.InvoiceDaoTestSuite]: no resource found for suffixes {-context.xml, Context.groovy}.
20:23:55.310 [Test worker] INFO org.springframework.test.context.support.AnnotationConfigContextLoaderUtils - Could not detect default configuration classes for test class [com.kodilla.hibernate.invoice.dao.InvoiceDaoTestSuite]: InvoiceDaoTestSuite does not declare any static, non-private, non-final, nested classes annotated with @Configuration.
20:23:55.335 [Test worker] DEBUG org.springframework.test.context.support.ActiveProfilesUtils - Could not find an 'annotation declaring class' for annotation type [org.springframework.test.context.ActiveProfiles] and class [com.kodilla.hibernate.invoice.dao.InvoiceDaoTestSuite]
20:23:55.395 [Test worker] DEBUG org.springframework.context.annotation.ClassPathScanningCandidateComponentProvider - Identified candidate component class: file [D:\Projects\IdeaProjects\kodilla_course3\kodilla-hibernate\build\classes\java\main\com\kodilla\hibernate\KodillaHibernateApplication.class]
20:23:55.405 [Test worker] INFO org.springframework.boot.test.context.SpringBootTestContextBootstrapper - Found @SpringBootConfiguration com.kodilla.hibernate.KodillaHibernateApplication for test class com.kodilla.hibernate.invoice.dao.InvoiceDaoTestSuite
20:23:55.465 [Test worker] DEBUG org.springframework.boot.test.context.SpringBootTestContextBootstrapper - @TestExecutionListeners is not present for class [com.kodilla.hibernate.invoice.dao.InvoiceDaoTestSuite]: using defaults.
20:23:55.465 [Test worker] INFO org.springframework.boot.test.context.SpringBootTestContextBootstrapper - Loaded default TestExecutionListener class names from location [META-INF/spring.factories]: [org.springframework.boot.test.autoconfigure.restdocs.RestDocsTestExecutionListener, org.springframework.boot.test.autoconfigure.web.client.MockRestServiceServerResetTestExecutionListener, org.springframework.boot.test.autoconfigure.web.servlet.MockMvcPrintOnlyOnFailureTestExecutionListener, org.springframework.boot.test.autoconfigure.web.servlet.WebDriverTestExecutionListener, org.springframework.boot.test.mock.mockito.MockitoTestExecutionListener, org.springframework.boot.test.mock.mockito.ResetMocksTestExecutionListener, org.springframework.test.context.web.ServletTestExecutionListener, org.springframework.test.context.support.DirtiesContextBeforeModesTestExecutionListener, org.springframework.test.context.support.DependencyInjectionTestExecutionListener, org.springframework.test.context.support.DirtiesContextTestExecutionListener, org.springframework.test.context.transaction.TransactionalTestExecutionListener, org.springframework.test.context.jdbc.SqlScriptsTestExecutionListener]
20:23:55.475 [Test worker] DEBUG org.springframework.boot.test.context.SpringBootTestContextBootstrapper - Skipping candidate TestExecutionListener [org.springframework.test.context.web.ServletTestExecutionListener] due to a missing dependency. Specify custom listener classes or make the default listener classes and their required dependencies available. Offending class: [javax/servlet/ServletContext]
20:23:55.480 [Test worker] INFO org.springframework.boot.test.context.SpringBootTestContextBootstrapper - Using TestExecutionListeners: [org.springframework.test.context.support.DirtiesContextBeforeModesTestExecutionListener@3ffc532b, org.springframework.boot.test.mock.mockito.MockitoTestExecutionListener@195ef4e9, org.springframework.boot.test.autoconfigure.SpringBootDependencyInjectionTestExecutionListener@70780ca4, org.springframework.test.context.support.DirtiesContextTestExecutionListener@3fd9b446, org.springframework.test.context.transaction.TransactionalTestExecutionListener@62e1cd9d, org.springframework.test.context.jdbc.SqlScriptsTestExecutionListener@c769494, org.springframework.boot.test.autoconfigure.restdocs.RestDocsTestExecutionListener@3cdbb492, org.springframework.boot.test.autoconfigure.web.client.MockRestServiceServerResetTestExecutionListener@4ed24ccb, org.springframework.boot.test.autoconfigure.web.servlet.MockMvcPrintOnlyOnFailureTestExecutionListener@22b3eda9, org.springframework.boot.test.autoconfigure.web.servlet.WebDriverTestExecutionListener@1a591f5f, org.springframework.boot.test.mock.mockito.ResetMocksTestExecutionListener@7bc757a2]
20:23:55.485 [Test worker] DEBUG org.springframework.test.annotation.ProfileValueUtils - Retrieved @ProfileValueSourceConfiguration [null] for test class [com.kodilla.hibernate.invoice.dao.InvoiceDaoTestSuite]
20:23:55.485 [Test worker] DEBUG org.springframework.test.annotation.ProfileValueUtils - Retrieved ProfileValueSource type [class org.springframework.test.annotation.SystemProfileValueSource] for class [com.kodilla.hibernate.invoice.dao.InvoiceDaoTestSuite]
20:23:55.485 [Test worker] DEBUG org.springframework.test.annotation.ProfileValueUtils - Retrieved @ProfileValueSourceConfiguration [null] for test class [com.kodilla.hibernate.invoice.dao.InvoiceDaoTestSuite]
20:23:55.485 [Test worker] DEBUG org.springframework.test.annotation.ProfileValueUtils - Retrieved ProfileValueSource type [class org.springframework.test.annotation.SystemProfileValueSource] for class [com.kodilla.hibernate.invoice.dao.InvoiceDaoTestSuite]
20:23:55.485 [Test worker] DEBUG org.springframework.test.context.support.AbstractDirtiesContextTestExecutionListener - Before test class: context [DefaultTestContext@19f28dc2 testClass = InvoiceDaoTestSuite, testInstance = [null], testMethod = [null], testException = [null], mergedContextConfiguration = [MergedContextConfiguration@1653da9f testClass = InvoiceDaoTestSuite, locations = '{}', classes = '{class com.kodilla.hibernate.KodillaHibernateApplication}', contextInitializerClasses = '[]', activeProfiles = '{}', propertySourceLocations = '{}', propertySourceProperties = '{org.springframework.boot.test.context.SpringBootTestContextBootstrapper=true}', contextCustomizers = set[org.springframework.boot.test.autoconfigure.properties.PropertyMappingContextCustomizer@0, org.springframework.boot.test.autoconfigure.web.servlet.WebDriverContextCustomizerFactory$Customizer@16f47ba8, org.springframework.boot.test.context.filter.ExcludeFilterContextCustomizer@4189e06d, org.springframework.boot.test.json.DuplicateJsonObjectContextCustomizerFactory$DuplicateJsonObjectContextCustomizer@2357a8de, org.springframework.boot.test.mock.mockito.MockitoContextCustomizer@0, org.springframework.boot.test.web.client.TestRestTemplateContextCustomizer@2470b43], contextLoader = 'org.springframework.boot.test.context.SpringBootContextLoader', parent = [null]], attributes = map[[empty]]], class annotated with @DirtiesContext [false] with mode [null].
20:23:55.485 [Test worker] DEBUG org.springframework.test.annotation.ProfileValueUtils - Retrieved @ProfileValueSourceConfiguration [null] for test class [com.kodilla.hibernate.invoice.dao.InvoiceDaoTestSuite]
20:23:55.485 [Test worker] DEBUG org.springframework.test.annotation.ProfileValueUtils - Retrieved ProfileValueSource type [class org.springframework.test.annotation.SystemProfileValueSource] for class [com.kodilla.hibernate.invoice.dao.InvoiceDaoTestSuite]
20:23:55.485 [Test worker] DEBUG org.springframework.test.context.support.DependencyInjectionTestExecutionListener - Performing dependency injection for test context [[DefaultTestContext@19f28dc2 testClass = InvoiceDaoTestSuite, testInstance = com.kodilla.hibernate.invoice.dao.InvoiceDaoTestSuite@67855efc, testMethod = [null], testException = [null], mergedContextConfiguration = [MergedContextConfiguration@1653da9f testClass = InvoiceDaoTestSuite, locations = '{}', classes = '{class com.kodilla.hibernate.KodillaHibernateApplication}', contextInitializerClasses = '[]', activeProfiles = '{}', propertySourceLocations = '{}', propertySourceProperties = '{org.springframework.boot.test.context.SpringBootTestContextBootstrapper=true}', contextCustomizers = set[org.springframework.boot.test.autoconfigure.properties.PropertyMappingContextCustomizer@0, org.springframework.boot.test.autoconfigure.web.servlet.WebDriverContextCustomizerFactory$Customizer@16f47ba8, org.springframework.boot.test.context.filter.ExcludeFilterContextCustomizer@4189e06d, org.springframework.boot.test.json.DuplicateJsonObjectContextCustomizerFactory$DuplicateJsonObjectContextCustomizer@2357a8de, org.springframework.boot.test.mock.mockito.MockitoContextCustomizer@0, org.springframework.boot.test.web.client.TestRestTemplateContextCustomizer@2470b43], contextLoader = 'org.springframework.boot.test.context.SpringBootContextLoader', parent = [null]], attributes = map[[empty]]]].
20:23:55.505 [Test worker] DEBUG org.springframework.test.context.support.TestPropertySourceUtils - Adding inlined properties to environment: {spring.jmx.enabled=false, org.springframework.boot.test.context.SpringBootTestContextBootstrapper=true, server.port=-1}

  .   ____          _            __ _ _
 /\\ / ___'_ __ _ _(_)_ __  __ _ \ \ \ \
( ( )\___ | '_ | '_| | '_ \/ _` | \ \ \ \
 \\/  ___)| |_)| | | | | || (_| |  ) ) ) )
  '  |____| .__|_| |_|_| |_\__, | / / / /
 =========|_|==============|___/=/_/_/_/
 :: Spring Boot ::        (v2.1.3.RELEASE)

2019-06-16 20:23:55.645  INFO 10144 --- [    Test worker] c.k.h.invoice.dao.InvoiceDaoTestSuite    : Starting InvoiceDaoTestSuite on DESKTOP-6DHFJAR with PID 10144 (started by Piotr in D:\Projects\IdeaProjects\kodilla_course3\kodilla-hibernate)
2019-06-16 20:23:55.645  INFO 10144 --- [    Test worker] c.k.h.invoice.dao.InvoiceDaoTestSuite    : No active profile set, falling back to default profiles: default
2019-06-16 20:23:55.925  INFO 10144 --- [    Test worker] .s.d.r.c.RepositoryConfigurationDelegate : Bootstrapping Spring Data repositories in DEFAULT mode.
2019-06-16 20:23:55.975  INFO 10144 --- [    Test worker] .s.d.r.c.RepositoryConfigurationDelegate : Finished Spring Data repository scanning in 50ms. Found 5 repository interfaces.
2019-06-16 20:23:56.330  INFO 10144 --- [    Test worker] o.hibernate.jpa.internal.util.LogHelper  : HHH000204: Processing PersistenceUnitInfo [
	name: default
	...]
2019-06-16 20:23:56.380  INFO 10144 --- [    Test worker] org.hibernate.Version                    : HHH000412: Hibernate Core {5.3.7.Final}
2019-06-16 20:23:56.380  INFO 10144 --- [    Test worker] org.hibernate.cfg.Environment            : HHH000206: hibernate.properties not found
2019-06-16 20:23:56.485  INFO 10144 --- [    Test worker] o.hibernate.annotations.common.Version   : HCANN000001: Hibernate Commons Annotations {5.0.4.Final}
2019-06-16 20:23:56.585  INFO 10144 --- [    Test worker] com.zaxxer.hikari.HikariDataSource       : HikariPool-1 - Starting...
2019-06-16 20:23:56.685  INFO 10144 --- [    Test worker] com.zaxxer.hikari.HikariDataSource       : HikariPool-1 - Start completed.
2019-06-16 20:23:56.705  INFO 10144 --- [    Test worker] org.hibernate.dialect.Dialect            : HHH000400: Using dialect: org.hibernate.dialect.MySQL5Dialect
2019-06-16 20:23:57.165  INFO 10144 --- [    Test worker] org.hibernate.tuple.PojoInstantiator     : HHH000182: No default (no-argument) constructor for class: com.kodilla.hibernate.task.Task (class must be instantiated by Interceptor)
Hibernate: create table hibernate_sequence (next_val bigint) engine=MyISAM
Hibernate: insert into hibernate_sequence values ( 1 )
Hibernate: insert into hibernate_sequence values ( 1 )
Hibernate: insert into hibernate_sequence values ( 1 )
Hibernate: insert into hibernate_sequence values ( 1 )
Hibernate: insert into hibernate_sequence values ( 1 )
Hibernate: create table invoices (id integer not null, number varchar(255) not null, primary key (id)) engine=MyISAM
Hibernate: create table items (id integer not null, price decimal(19,2) not null, quantity integer not null, value decimal(19,2) not null, invoice_id integer not null, product_id integer not null, primary key (id)) engine=MyISAM
Hibernate: create table products (id integer not null, name varchar(255) not null, primary key (id)) engine=MyISAM
Hibernate: create table task (id integer not null, created datetime not null, description varchar(255), duration integer, primary key (id)) engine=MyISAM
Hibernate: create table tasklist (id integer not null, description varchar(255), listname varchar(255), primary key (id)) engine=MyISAM
Hibernate: alter table invoices drop index UK_pa4f04a5qcpc80w6x1ry6v6o1
Hibernate: alter table invoices add constraint UK_pa4f04a5qcpc80w6x1ry6v6o1 unique (number)
Hibernate: alter table products drop index UK_o61fmio5yukmmiqgnxf8pnavn
Hibernate: alter table products add constraint UK_o61fmio5yukmmiqgnxf8pnavn unique (name)
Hibernate: alter table items add constraint FKi3fv29v33apu6j1klh8nld3re foreign key (invoice_id) references invoices (id)
Hibernate: alter table items add constraint FKmtk37pxnx7d5ck7fkq2xcna4i foreign key (product_id) references products (id)
2019-06-16 20:23:57.455  INFO 10144 --- [    Test worker] j.LocalContainerEntityManagerFactoryBean : Initialized JPA EntityManagerFactory for persistence unit 'default'
2019-06-16 20:23:57.835  INFO 10144 --- [    Test worker] c.k.h.invoice.dao.InvoiceDaoTestSuite    : Started InvoiceDaoTestSuite in 2.33 seconds (JVM running for 3.093)
]]></system-out>
  <system-err><![CDATA[]]></system-err>
</testsuite>
