<?xml version="1.0" encoding="UTF-8"?>
<testsuite name="com.kodilla.hibernate.tasklist.dao.TaskListDaoTestSuite" tests="2" skipped="0" failures="0" errors="0" timestamp="2019-06-25T17:23:07" hostname="DESKTOP-6DHFJAR" time="0.041">
  <properties/>
  <testcase name="testTaskListDaoSaveWithTasks" classname="com.kodilla.hibernate.tasklist.dao.TaskListDaoTestSuite" time="0.028"/>
  <testcase name="testFindByListName" classname="com.kodilla.hibernate.tasklist.dao.TaskListDaoTestSuite" time="0.013"/>
  <system-out><![CDATA[2019-06-25 19:23:07.794  INFO 1160 --- [    Test worker] .b.t.c.SpringBootTestContextBootstrapper : Neither @ContextConfiguration nor @ContextHierarchy found for test class [com.kodilla.hibernate.tasklist.dao.TaskListDaoTestSuite], using SpringBootContextLoader
2019-06-25 19:23:07.794  INFO 1160 --- [    Test worker] o.s.t.c.support.AbstractContextLoader    : Could not detect default resource locations for test class [com.kodilla.hibernate.tasklist.dao.TaskListDaoTestSuite]: no resource found for suffixes {-context.xml, Context.groovy}.
2019-06-25 19:23:07.794  INFO 1160 --- [    Test worker] t.c.s.AnnotationConfigContextLoaderUtils : Could not detect default configuration classes for test class [com.kodilla.hibernate.tasklist.dao.TaskListDaoTestSuite]: TaskListDaoTestSuite does not declare any static, non-private, non-final, nested classes annotated with @Configuration.
2019-06-25 19:23:07.810  INFO 1160 --- [    Test worker] .b.t.c.SpringBootTestContextBootstrapper : Found @SpringBootConfiguration com.kodilla.hibernate.KodillaHibernateApplication for test class com.kodilla.hibernate.tasklist.dao.TaskListDaoTestSuite
2019-06-25 19:23:07.810  INFO 1160 --- [    Test worker] .b.t.c.SpringBootTestContextBootstrapper : Loaded default TestExecutionListener class names from location [META-INF/spring.factories]: [org.springframework.boot.test.autoconfigure.restdocs.RestDocsTestExecutionListener, org.springframework.boot.test.autoconfigure.web.client.MockRestServiceServerResetTestExecutionListener, org.springframework.boot.test.autoconfigure.web.servlet.MockMvcPrintOnlyOnFailureTestExecutionListener, org.springframework.boot.test.autoconfigure.web.servlet.WebDriverTestExecutionListener, org.springframework.boot.test.mock.mockito.MockitoTestExecutionListener, org.springframework.boot.test.mock.mockito.ResetMocksTestExecutionListener, org.springframework.test.context.web.ServletTestExecutionListener, org.springframework.test.context.support.DirtiesContextBeforeModesTestExecutionListener, org.springframework.test.context.support.DependencyInjectionTestExecutionListener, org.springframework.test.context.support.DirtiesContextTestExecutionListener, org.springframework.test.context.transaction.TransactionalTestExecutionListener, org.springframework.test.context.jdbc.SqlScriptsTestExecutionListener]
2019-06-25 19:23:07.810  INFO 1160 --- [    Test worker] .b.t.c.SpringBootTestContextBootstrapper : Using TestExecutionListeners: [org.springframework.test.context.support.DirtiesContextBeforeModesTestExecutionListener@2e2bbdf4, org.springframework.boot.test.mock.mockito.MockitoTestExecutionListener@2ffbdcdd, org.springframework.boot.test.autoconfigure.SpringBootDependencyInjectionTestExecutionListener@6838e46, org.springframework.test.context.support.DirtiesContextTestExecutionListener@619c79f3, org.springframework.test.context.transaction.TransactionalTestExecutionListener@122bac29, org.springframework.test.context.jdbc.SqlScriptsTestExecutionListener@63478785, org.springframework.boot.test.autoconfigure.restdocs.RestDocsTestExecutionListener@79acc415, org.springframework.boot.test.autoconfigure.web.client.MockRestServiceServerResetTestExecutionListener@7b7d7932, org.springframework.boot.test.autoconfigure.web.servlet.MockMvcPrintOnlyOnFailureTestExecutionListener@3478c890, org.springframework.boot.test.autoconfigure.web.servlet.WebDriverTestExecutionListener@6b5c0a35, org.springframework.boot.test.mock.mockito.ResetMocksTestExecutionListener@74cff727]
Hibernate: select next_val as id_val from hibernate_sequence for update
Hibernate: update hibernate_sequence set next_val= ? where next_val=?
Hibernate: select next_val as id_val from hibernate_sequence for update
Hibernate: update hibernate_sequence set next_val= ? where next_val=?
Hibernate: select next_val as id_val from hibernate_sequence for update
Hibernate: update hibernate_sequence set next_val= ? where next_val=?
Hibernate: select next_val as id_val from hibernate_sequence for update
Hibernate: update hibernate_sequence set next_val= ? where next_val=?
Hibernate: select next_val as id_val from hibernate_sequence for update
Hibernate: update hibernate_sequence set next_val= ? where next_val=?
Hibernate: insert into tasklist (description, listname, id) values (?, ?, ?)
Hibernate: insert into tasks_financials (paid, price, id) values (?, ?, ?)
Hibernate: insert into task (created, description, duration, tasks_financials_id, tasklist_id, id) values (?, ?, ?, ?, ?, ?)
Hibernate: insert into tasks_financials (paid, price, id) values (?, ?, ?)
Hibernate: insert into task (created, description, duration, tasks_financials_id, tasklist_id, id) values (?, ?, ?, ?, ?, ?)
Hibernate: select tasklist0_.id as id1_7_0_, tasklist0_.description as descript2_7_0_, tasklist0_.listname as listname3_7_0_ from tasklist tasklist0_ where tasklist0_.id=?
Hibernate: select tasks0_.tasklist_id as tasklist6_6_0_, tasks0_.id as id1_6_0_, tasks0_.id as id1_6_1_, tasks0_.created as created2_6_1_, tasks0_.description as descript3_6_1_, tasks0_.duration as duration4_6_1_, tasks0_.tasks_financials_id as tasks_fi5_6_1_, tasks0_.tasklist_id as tasklist6_6_1_, taskfinanc1_.id as id1_8_2_, taskfinanc1_.paid as paid2_8_2_, taskfinanc1_.price as price3_8_2_ from task tasks0_ left outer join tasks_financials taskfinanc1_ on tasks0_.tasks_financials_id=taskfinanc1_.id where tasks0_.tasklist_id=?
Hibernate: delete from task where id=?
Hibernate: delete from tasks_financials where id=?
Hibernate: delete from task where id=?
Hibernate: delete from tasks_financials where id=?
Hibernate: delete from tasklist where id=?
Hibernate: select next_val as id_val from hibernate_sequence for update
Hibernate: update hibernate_sequence set next_val= ? where next_val=?
Hibernate: insert into tasklist (description, listname, id) values (?, ?, ?)
Hibernate: select tasklist0_.id as id1_7_, tasklist0_.description as descript2_7_, tasklist0_.listname as listname3_7_ from tasklist tasklist0_ where tasklist0_.listname=?
Hibernate: select tasklist0_.id as id1_7_0_, tasklist0_.description as descript2_7_0_, tasklist0_.listname as listname3_7_0_ from tasklist tasklist0_ where tasklist0_.id=?
Hibernate: select tasks0_.tasklist_id as tasklist6_6_0_, tasks0_.id as id1_6_0_, tasks0_.id as id1_6_1_, tasks0_.created as created2_6_1_, tasks0_.description as descript3_6_1_, tasks0_.duration as duration4_6_1_, tasks0_.tasks_financials_id as tasks_fi5_6_1_, tasks0_.tasklist_id as tasklist6_6_1_, taskfinanc1_.id as id1_8_2_, taskfinanc1_.paid as paid2_8_2_, taskfinanc1_.price as price3_8_2_ from task tasks0_ left outer join tasks_financials taskfinanc1_ on tasks0_.tasks_financials_id=taskfinanc1_.id where tasks0_.tasklist_id=?
Hibernate: delete from tasklist where id=?
]]></system-out>
  <system-err><![CDATA[]]></system-err>
</testsuite>
