<?xml version="1.0" encoding="UTF-8"?>
<testsuite name="com.kodilla.hibernate.invoice.dao.InvoiceDaoTestSuite" tests="1" skipped="0" failures="0" errors="0" timestamp="2019-09-09T17:04:59" hostname="DESKTOP-6DHFJAR" time="0.016">
  <properties/>
  <testcase name="testInvoiceDaoSave" classname="com.kodilla.hibernate.invoice.dao.InvoiceDaoTestSuite" time="0.016"/>
  <system-out><![CDATA[2019-09-09 19:04:59.024  INFO 9192 --- [    Test worker] .b.t.c.SpringBootTestContextBootstrapper : Neither @ContextConfiguration nor @ContextHierarchy found for test class [com.kodilla.hibernate.invoice.dao.InvoiceDaoTestSuite], using SpringBootContextLoader
2019-09-09 19:04:59.025  INFO 9192 --- [    Test worker] o.s.t.c.support.AbstractContextLoader    : Could not detect default resource locations for test class [com.kodilla.hibernate.invoice.dao.InvoiceDaoTestSuite]: no resource found for suffixes {-context.xml, Context.groovy}.
2019-09-09 19:04:59.025  INFO 9192 --- [    Test worker] t.c.s.AnnotationConfigContextLoaderUtils : Could not detect default configuration classes for test class [com.kodilla.hibernate.invoice.dao.InvoiceDaoTestSuite]: InvoiceDaoTestSuite does not declare any static, non-private, non-final, nested classes annotated with @Configuration.
2019-09-09 19:04:59.030  INFO 9192 --- [    Test worker] .b.t.c.SpringBootTestContextBootstrapper : Found @SpringBootConfiguration com.kodilla.hibernate.KodillaHibernateApplication for test class com.kodilla.hibernate.invoice.dao.InvoiceDaoTestSuite
2019-09-09 19:04:59.032  INFO 9192 --- [    Test worker] .b.t.c.SpringBootTestContextBootstrapper : Loaded default TestExecutionListener class names from location [META-INF/spring.factories]: [org.springframework.boot.test.autoconfigure.restdocs.RestDocsTestExecutionListener, org.springframework.boot.test.autoconfigure.web.client.MockRestServiceServerResetTestExecutionListener, org.springframework.boot.test.autoconfigure.web.servlet.MockMvcPrintOnlyOnFailureTestExecutionListener, org.springframework.boot.test.autoconfigure.web.servlet.WebDriverTestExecutionListener, org.springframework.boot.test.mock.mockito.MockitoTestExecutionListener, org.springframework.boot.test.mock.mockito.ResetMocksTestExecutionListener, org.springframework.test.context.web.ServletTestExecutionListener, org.springframework.test.context.support.DirtiesContextBeforeModesTestExecutionListener, org.springframework.test.context.support.DependencyInjectionTestExecutionListener, org.springframework.test.context.support.DirtiesContextTestExecutionListener, org.springframework.test.context.transaction.TransactionalTestExecutionListener, org.springframework.test.context.jdbc.SqlScriptsTestExecutionListener]
2019-09-09 19:04:59.032  INFO 9192 --- [    Test worker] .b.t.c.SpringBootTestContextBootstrapper : Using TestExecutionListeners: [org.springframework.test.context.support.DirtiesContextBeforeModesTestExecutionListener@4b82287e, org.springframework.boot.test.mock.mockito.MockitoTestExecutionListener@38a6b8f1, org.springframework.boot.test.autoconfigure.SpringBootDependencyInjectionTestExecutionListener@668cb81b, org.springframework.test.context.support.DirtiesContextTestExecutionListener@21e84720, org.springframework.test.context.transaction.TransactionalTestExecutionListener@7bf35abb, org.springframework.test.context.jdbc.SqlScriptsTestExecutionListener@761f1404, org.springframework.boot.test.autoconfigure.restdocs.RestDocsTestExecutionListener@755036bc, org.springframework.boot.test.autoconfigure.web.client.MockRestServiceServerResetTestExecutionListener@16e2ae71, org.springframework.boot.test.autoconfigure.web.servlet.MockMvcPrintOnlyOnFailureTestExecutionListener@77a50894, org.springframework.boot.test.autoconfigure.web.servlet.WebDriverTestExecutionListener@79948d50, org.springframework.boot.test.mock.mockito.ResetMocksTestExecutionListener@d85a108]
2019-09-09 19:04:59.037  INFO 9192 --- [    Test worker] o.s.t.c.transaction.TransactionContext   : Began transaction (1) for test context [DefaultTestContext@12b1a465 testClass = InvoiceDaoTestSuite, testInstance = com.kodilla.hibernate.invoice.dao.InvoiceDaoTestSuite@bf80f47, testMethod = testInvoiceDaoSave@InvoiceDaoTestSuite, testException = [null], mergedContextConfiguration = [MergedContextConfiguration@a78a75b testClass = InvoiceDaoTestSuite, locations = '{}', classes = '{class com.kodilla.hibernate.KodillaHibernateApplication}', contextInitializerClasses = '[]', activeProfiles = '{}', propertySourceLocations = '{}', propertySourceProperties = '{org.springframework.boot.test.context.SpringBootTestContextBootstrapper=true}', contextCustomizers = set[org.springframework.boot.test.autoconfigure.properties.PropertyMappingContextCustomizer@0, org.springframework.boot.test.autoconfigure.web.servlet.WebDriverContextCustomizerFactory$Customizer@2dfd70c4, org.springframework.boot.test.context.filter.ExcludeFilterContextCustomizer@3901c830, org.springframework.boot.test.json.DuplicateJsonObjectContextCustomizerFactory$DuplicateJsonObjectContextCustomizer@1420b222, org.springframework.boot.test.mock.mockito.MockitoContextCustomizer@0, org.springframework.boot.test.web.client.TestRestTemplateContextCustomizer@1078fbe8], contextLoader = 'org.springframework.boot.test.context.SpringBootContextLoader', parent = [null]], attributes = map[[empty]]]; transaction manager [org.springframework.orm.jpa.JpaTransactionManager@3847b8c7]; rollback [true]
Hibernate: select next_val as id_val from hibernate_sequence for update
Hibernate: update hibernate_sequence set next_val= ? where next_val=?
Hibernate: select next_val as id_val from hibernate_sequence for update
Hibernate: update hibernate_sequence set next_val= ? where next_val=?
Hibernate: select next_val as id_val from hibernate_sequence for update
Hibernate: update hibernate_sequence set next_val= ? where next_val=?
2019-09-09 19:04:59.050  INFO 9192 --- [    Test worker] o.s.t.c.transaction.TransactionContext   : Rolled back transaction for test: [DefaultTestContext@12b1a465 testClass = InvoiceDaoTestSuite, testInstance = com.kodilla.hibernate.invoice.dao.InvoiceDaoTestSuite@bf80f47, testMethod = testInvoiceDaoSave@InvoiceDaoTestSuite, testException = [null], mergedContextConfiguration = [MergedContextConfiguration@a78a75b testClass = InvoiceDaoTestSuite, locations = '{}', classes = '{class com.kodilla.hibernate.KodillaHibernateApplication}', contextInitializerClasses = '[]', activeProfiles = '{}', propertySourceLocations = '{}', propertySourceProperties = '{org.springframework.boot.test.context.SpringBootTestContextBootstrapper=true}', contextCustomizers = set[org.springframework.boot.test.autoconfigure.properties.PropertyMappingContextCustomizer@0, org.springframework.boot.test.autoconfigure.web.servlet.WebDriverContextCustomizerFactory$Customizer@2dfd70c4, org.springframework.boot.test.context.filter.ExcludeFilterContextCustomizer@3901c830, org.springframework.boot.test.json.DuplicateJsonObjectContextCustomizerFactory$DuplicateJsonObjectContextCustomizer@1420b222, org.springframework.boot.test.mock.mockito.MockitoContextCustomizer@0, org.springframework.boot.test.web.client.TestRestTemplateContextCustomizer@1078fbe8], contextLoader = 'org.springframework.boot.test.context.SpringBootContextLoader', parent = [null]], attributes = map[[empty]]]
]]></system-out>
  <system-err><![CDATA[]]></system-err>
</testsuite>
