<?xml version="1.0" encoding="UTF-8"?>
<testsuite name="com.kodilla.hibernate.manytomany.dao.CompanyDaoTestSuite" tests="2" skipped="0" failures="0" errors="0" timestamp="2019-08-26T14:04:57" hostname="DESKTOP-6DHFJAR" time="0.204">
  <properties/>
  <testcase name="testNamedQueries" classname="com.kodilla.hibernate.manytomany.dao.CompanyDaoTestSuite" time="0.148"/>
  <testcase name="testSaveManyToMany" classname="com.kodilla.hibernate.manytomany.dao.CompanyDaoTestSuite" time="0.055"/>
  <system-out><![CDATA[2019-08-26 16:04:57.345  INFO 1472 --- [    Test worker] .b.t.c.SpringBootTestContextBootstrapper : Neither @ContextConfiguration nor @ContextHierarchy found for test class [com.kodilla.hibernate.manytomany.dao.CompanyDaoTestSuite], using SpringBootContextLoader
2019-08-26 16:04:57.345  INFO 1472 --- [    Test worker] o.s.t.c.support.AbstractContextLoader    : Could not detect default resource locations for test class [com.kodilla.hibernate.manytomany.dao.CompanyDaoTestSuite]: no resource found for suffixes {-context.xml, Context.groovy}.
2019-08-26 16:04:57.346  INFO 1472 --- [    Test worker] t.c.s.AnnotationConfigContextLoaderUtils : Could not detect default configuration classes for test class [com.kodilla.hibernate.manytomany.dao.CompanyDaoTestSuite]: CompanyDaoTestSuite does not declare any static, non-private, non-final, nested classes annotated with @Configuration.
2019-08-26 16:04:57.350  INFO 1472 --- [    Test worker] .b.t.c.SpringBootTestContextBootstrapper : Found @SpringBootConfiguration com.kodilla.hibernate.KodillaHibernateApplication for test class com.kodilla.hibernate.manytomany.dao.CompanyDaoTestSuite
2019-08-26 16:04:57.351  INFO 1472 --- [    Test worker] .b.t.c.SpringBootTestContextBootstrapper : Loaded default TestExecutionListener class names from location [META-INF/spring.factories]: [org.springframework.boot.test.autoconfigure.restdocs.RestDocsTestExecutionListener, org.springframework.boot.test.autoconfigure.web.client.MockRestServiceServerResetTestExecutionListener, org.springframework.boot.test.autoconfigure.web.servlet.MockMvcPrintOnlyOnFailureTestExecutionListener, org.springframework.boot.test.autoconfigure.web.servlet.WebDriverTestExecutionListener, org.springframework.boot.test.mock.mockito.MockitoTestExecutionListener, org.springframework.boot.test.mock.mockito.ResetMocksTestExecutionListener, org.springframework.test.context.web.ServletTestExecutionListener, org.springframework.test.context.support.DirtiesContextBeforeModesTestExecutionListener, org.springframework.test.context.support.DependencyInjectionTestExecutionListener, org.springframework.test.context.support.DirtiesContextTestExecutionListener, org.springframework.test.context.transaction.TransactionalTestExecutionListener, org.springframework.test.context.jdbc.SqlScriptsTestExecutionListener]
2019-08-26 16:04:57.352  INFO 1472 --- [    Test worker] .b.t.c.SpringBootTestContextBootstrapper : Using TestExecutionListeners: [org.springframework.test.context.support.DirtiesContextBeforeModesTestExecutionListener@2b57313a, org.springframework.boot.test.mock.mockito.MockitoTestExecutionListener@6d0037bd, org.springframework.boot.test.autoconfigure.SpringBootDependencyInjectionTestExecutionListener@6a3f3ff9, org.springframework.test.context.support.DirtiesContextTestExecutionListener@39e233ec, org.springframework.test.context.transaction.TransactionalTestExecutionListener@2bae1b0b, org.springframework.test.context.jdbc.SqlScriptsTestExecutionListener@477f7c1c, org.springframework.boot.test.autoconfigure.restdocs.RestDocsTestExecutionListener@54ac43fd, org.springframework.boot.test.autoconfigure.web.client.MockRestServiceServerResetTestExecutionListener@7c7967d7, org.springframework.boot.test.autoconfigure.web.servlet.MockMvcPrintOnlyOnFailureTestExecutionListener@27544d10, org.springframework.boot.test.autoconfigure.web.servlet.WebDriverTestExecutionListener@1b775a7a, org.springframework.boot.test.mock.mockito.ResetMocksTestExecutionListener@2df24142]
Hibernate: select next_val as id_val from hibernate_sequence for update
Hibernate: update hibernate_sequence set next_val= ? where next_val=?
Hibernate: select next_val as id_val from hibernate_sequence for update
Hibernate: update hibernate_sequence set next_val= ? where next_val=?
Hibernate: select next_val as id_val from hibernate_sequence for update
Hibernate: update hibernate_sequence set next_val= ? where next_val=?
Hibernate: select next_val as id_val from hibernate_sequence for update
Hibernate: update hibernate_sequence set next_val= ? where next_val=?
Hibernate: select next_val as id_val from hibernate_sequence for update
Hibernate: update hibernate_sequence set next_val= ? where next_val=?
Hibernate: select next_val as id_val from hibernate_sequence for update
Hibernate: update hibernate_sequence set next_val= ? where next_val=?
Hibernate: insert into companies (company_name, company_id) values (?, ?)
Hibernate: insert into employees (firstname, lastname, employee_id) values (?, ?, ?)
Hibernate: insert into companies (company_name, company_id) values (?, ?)
Hibernate: insert into employees (firstname, lastname, employee_id) values (?, ?, ?)
Hibernate: insert into companies (company_name, company_id) values (?, ?)
Hibernate: insert into employees (firstname, lastname, employee_id) values (?, ?, ?)
Hibernate: insert into join_companies_employees (employee_id, company_id) values (?, ?)
Hibernate: insert into join_companies_employees (employee_id, company_id) values (?, ?)
Hibernate: insert into join_companies_employees (employee_id, company_id) values (?, ?)
Hibernate: insert into join_companies_employees (employee_id, company_id) values (?, ?)
Hibernate: insert into join_companies_employees (employee_id, company_id) values (?, ?)
Hibernate: select company0_.company_id as company_1_0_1_, company0_.company_name as company_2_0_1_, employees1_.company_id as company_2_4_3_, employee2_.employee_id as employee1_4_3_, employee2_.employee_id as employee1_1_0_, employee2_.firstname as firstnam2_1_0_, employee2_.lastname as lastname3_1_0_ from companies company0_ left outer join join_companies_employees employees1_ on company0_.company_id=employees1_.company_id left outer join employees employee2_ on employees1_.employee_id=employee2_.employee_id where company0_.company_id=?
Hibernate: select companies0_.employee_id as employee1_4_0_, companies0_.company_id as company_2_4_0_, company1_.company_id as company_1_0_1_, company1_.company_name as company_2_0_1_ from join_companies_employees companies0_ inner join companies company1_ on companies0_.company_id=company1_.company_id where companies0_.employee_id=?
Hibernate: select company0_.company_id as company_1_0_1_, company0_.company_name as company_2_0_1_, employees1_.company_id as company_2_4_3_, employee2_.employee_id as employee1_4_3_, employee2_.employee_id as employee1_1_0_, employee2_.firstname as firstnam2_1_0_, employee2_.lastname as lastname3_1_0_ from companies company0_ left outer join join_companies_employees employees1_ on company0_.company_id=employees1_.company_id left outer join employees employee2_ on employees1_.employee_id=employee2_.employee_id where company0_.company_id=?
Hibernate: select company0_.company_id as company_1_0_1_, company0_.company_name as company_2_0_1_, employees1_.company_id as company_2_4_3_, employee2_.employee_id as employee1_4_3_, employee2_.employee_id as employee1_1_0_, employee2_.firstname as firstnam2_1_0_, employee2_.lastname as lastname3_1_0_ from companies company0_ left outer join join_companies_employees employees1_ on company0_.company_id=employees1_.company_id left outer join employees employee2_ on employees1_.employee_id=employee2_.employee_id where company0_.company_id=?
Hibernate: select companies0_.employee_id as employee1_4_0_, companies0_.company_id as company_2_4_0_, company1_.company_id as company_1_0_1_, company1_.company_name as company_2_0_1_ from join_companies_employees companies0_ inner join companies company1_ on companies0_.company_id=company1_.company_id where companies0_.employee_id=?
Hibernate: select companies0_.employee_id as employee1_4_0_, companies0_.company_id as company_2_4_0_, company1_.company_id as company_1_0_1_, company1_.company_name as company_2_0_1_ from join_companies_employees companies0_ inner join companies company1_ on companies0_.company_id=company1_.company_id where companies0_.employee_id=?
Hibernate: select company0_.company_id as company_1_0_1_, company0_.company_name as company_2_0_1_, employees1_.company_id as company_2_4_3_, employee2_.employee_id as employee1_4_3_, employee2_.employee_id as employee1_1_0_, employee2_.firstname as firstnam2_1_0_, employee2_.lastname as lastname3_1_0_ from companies company0_ left outer join join_companies_employees employees1_ on company0_.company_id=employees1_.company_id left outer join employees employee2_ on employees1_.employee_id=employee2_.employee_id where company0_.company_id=?
Hibernate: select company0_.company_id as company_1_0_1_, company0_.company_name as company_2_0_1_, employees1_.company_id as company_2_4_3_, employee2_.employee_id as employee1_4_3_, employee2_.employee_id as employee1_1_0_, employee2_.firstname as firstnam2_1_0_, employee2_.lastname as lastname3_1_0_ from companies company0_ left outer join join_companies_employees employees1_ on company0_.company_id=employees1_.company_id left outer join employees employee2_ on employees1_.employee_id=employee2_.employee_id where company0_.company_id=?
Hibernate: select companies0_.employee_id as employee1_4_0_, companies0_.company_id as company_2_4_0_, company1_.company_id as company_1_0_1_, company1_.company_name as company_2_0_1_ from join_companies_employees companies0_ inner join companies company1_ on companies0_.company_id=company1_.company_id where companies0_.employee_id=?
Hibernate: select company0_.company_id as company_1_0_1_, company0_.company_name as company_2_0_1_, employees1_.company_id as company_2_4_3_, employee2_.employee_id as employee1_4_3_, employee2_.employee_id as employee1_1_0_, employee2_.firstname as firstnam2_1_0_, employee2_.lastname as lastname3_1_0_ from companies company0_ left outer join join_companies_employees employees1_ on company0_.company_id=employees1_.company_id left outer join employees employee2_ on employees1_.employee_id=employee2_.employee_id where company0_.company_id=?
Hibernate: select companies0_.employee_id as employee1_4_0_, companies0_.company_id as company_2_4_0_, company1_.company_id as company_1_0_1_, company1_.company_name as company_2_0_1_ from join_companies_employees companies0_ inner join companies company1_ on companies0_.company_id=company1_.company_id where companies0_.employee_id=?
Hibernate: select companies0_.employee_id as employee1_4_0_, companies0_.company_id as company_2_4_0_, company1_.company_id as company_1_0_1_, company1_.company_name as company_2_0_1_ from join_companies_employees companies0_ inner join companies company1_ on companies0_.company_id=company1_.company_id where companies0_.employee_id=?
Hibernate: select employee0_.employee_id as employee1_1_1_, employee0_.firstname as firstnam2_1_1_, employee0_.lastname as lastname3_1_1_, companies1_.employee_id as employee1_4_3_, company2_.company_id as company_2_4_3_, company2_.company_id as company_1_0_0_, company2_.company_name as company_2_0_0_ from employees employee0_ left outer join join_companies_employees companies1_ on employee0_.employee_id=companies1_.employee_id left outer join companies company2_ on companies1_.company_id=company2_.company_id where employee0_.employee_id=?
Hibernate: select employee0_.employee_id as employee1_1_1_, employee0_.firstname as firstnam2_1_1_, employee0_.lastname as lastname3_1_1_, companies1_.employee_id as employee1_4_3_, company2_.company_id as company_2_4_3_, company2_.company_id as company_1_0_0_, company2_.company_name as company_2_0_0_ from employees employee0_ left outer join join_companies_employees companies1_ on employee0_.employee_id=companies1_.employee_id left outer join companies company2_ on companies1_.company_id=company2_.company_id where employee0_.employee_id=?
Hibernate: select employee0_.employee_id as employee1_1_1_, employee0_.firstname as firstnam2_1_1_, employee0_.lastname as lastname3_1_1_, companies1_.employee_id as employee1_4_3_, company2_.company_id as company_2_4_3_, company2_.company_id as company_1_0_0_, company2_.company_name as company_2_0_0_ from employees employee0_ left outer join join_companies_employees companies1_ on employee0_.employee_id=companies1_.employee_id left outer join companies company2_ on companies1_.company_id=company2_.company_id where employee0_.employee_id=?
Hibernate: select employee0_.employee_id as employee1_1_1_, employee0_.firstname as firstnam2_1_1_, employee0_.lastname as lastname3_1_1_, companies1_.employee_id as employee1_4_3_, company2_.company_id as company_2_4_3_, company2_.company_id as company_1_0_0_, company2_.company_name as company_2_0_0_ from employees employee0_ left outer join join_companies_employees companies1_ on employee0_.employee_id=companies1_.employee_id left outer join companies company2_ on companies1_.company_id=company2_.company_id where employee0_.employee_id=?
Hibernate: select employee0_.employee_id as employee1_1_1_, employee0_.firstname as firstnam2_1_1_, employee0_.lastname as lastname3_1_1_, companies1_.employee_id as employee1_4_3_, company2_.company_id as company_2_4_3_, company2_.company_id as company_1_0_0_, company2_.company_name as company_2_0_0_ from employees employee0_ left outer join join_companies_employees companies1_ on employee0_.employee_id=companies1_.employee_id left outer join companies company2_ on companies1_.company_id=company2_.company_id where employee0_.employee_id=?
Hibernate: select employee0_.employee_id as employee1_1_1_, employee0_.firstname as firstnam2_1_1_, employee0_.lastname as lastname3_1_1_, companies1_.employee_id as employee1_4_3_, company2_.company_id as company_2_4_3_, company2_.company_id as company_1_0_0_, company2_.company_name as company_2_0_0_ from employees employee0_ left outer join join_companies_employees companies1_ on employee0_.employee_id=companies1_.employee_id left outer join companies company2_ on companies1_.company_id=company2_.company_id where employee0_.employee_id=?
Hibernate: select employee0_.employee_id as employee1_1_1_, employee0_.firstname as firstnam2_1_1_, employee0_.lastname as lastname3_1_1_, companies1_.employee_id as employee1_4_3_, company2_.company_id as company_2_4_3_, company2_.company_id as company_1_0_0_, company2_.company_name as company_2_0_0_ from employees employee0_ left outer join join_companies_employees companies1_ on employee0_.employee_id=companies1_.employee_id left outer join companies company2_ on companies1_.company_id=company2_.company_id where employee0_.employee_id=?
Hibernate: select employee0_.employee_id as employee1_1_1_, employee0_.firstname as firstnam2_1_1_, employee0_.lastname as lastname3_1_1_, companies1_.employee_id as employee1_4_3_, company2_.company_id as company_2_4_3_, company2_.company_id as company_1_0_0_, company2_.company_name as company_2_0_0_ from employees employee0_ left outer join join_companies_employees companies1_ on employee0_.employee_id=companies1_.employee_id left outer join companies company2_ on companies1_.company_id=company2_.company_id where employee0_.employee_id=?
Hibernate: select employee0_.employee_id as employee1_1_1_, employee0_.firstname as firstnam2_1_1_, employee0_.lastname as lastname3_1_1_, companies1_.employee_id as employee1_4_3_, company2_.company_id as company_2_4_3_, company2_.company_id as company_1_0_0_, company2_.company_name as company_2_0_0_ from employees employee0_ left outer join join_companies_employees companies1_ on employee0_.employee_id=companies1_.employee_id left outer join companies company2_ on companies1_.company_id=company2_.company_id where employee0_.employee_id=?
Hibernate: select employee0_.employee_id as employee1_1_, employee0_.firstname as firstnam2_1_, employee0_.lastname as lastname3_1_ from employees employee0_ where employee0_.lastname=?
Hibernate: SELECT * FROM COMPANIES WHERE SUBSTR(COMPANY_NAME,1,3) = ?
Hibernate: select company0_.company_id as company_1_0_0_, company0_.company_name as company_2_0_0_ from companies company0_ where company0_.company_id=?
Hibernate: select employees0_.company_id as company_2_4_0_, employees0_.employee_id as employee1_4_0_, employee1_.employee_id as employee1_1_1_, employee1_.firstname as firstnam2_1_1_, employee1_.lastname as lastname3_1_1_ from join_companies_employees employees0_ inner join employees employee1_ on employees0_.employee_id=employee1_.employee_id where employees0_.company_id=?
Hibernate: select companies0_.employee_id as employee1_4_0_, companies0_.company_id as company_2_4_0_, company1_.company_id as company_1_0_1_, company1_.company_name as company_2_0_1_ from join_companies_employees companies0_ inner join companies company1_ on companies0_.company_id=company1_.company_id where companies0_.employee_id=?
Hibernate: select employees0_.company_id as company_2_4_0_, employees0_.employee_id as employee1_4_0_, employee1_.employee_id as employee1_1_1_, employee1_.firstname as firstnam2_1_1_, employee1_.lastname as lastname3_1_1_ from join_companies_employees employees0_ inner join employees employee1_ on employees0_.employee_id=employee1_.employee_id where employees0_.company_id=?
Hibernate: select companies0_.employee_id as employee1_4_0_, companies0_.company_id as company_2_4_0_, company1_.company_id as company_1_0_1_, company1_.company_name as company_2_0_1_ from join_companies_employees companies0_ inner join companies company1_ on companies0_.company_id=company1_.company_id where companies0_.employee_id=?
Hibernate: select employees0_.company_id as company_2_4_0_, employees0_.employee_id as employee1_4_0_, employee1_.employee_id as employee1_1_1_, employee1_.firstname as firstnam2_1_1_, employee1_.lastname as lastname3_1_1_ from join_companies_employees employees0_ inner join employees employee1_ on employees0_.employee_id=employee1_.employee_id where employees0_.company_id=?
Hibernate: select companies0_.employee_id as employee1_4_0_, companies0_.company_id as company_2_4_0_, company1_.company_id as company_1_0_1_, company1_.company_name as company_2_0_1_ from join_companies_employees companies0_ inner join companies company1_ on companies0_.company_id=company1_.company_id where companies0_.employee_id=?
Hibernate: delete from join_companies_employees where employee_id=?
Hibernate: delete from join_companies_employees where employee_id=?
Hibernate: delete from join_companies_employees where employee_id=?
Hibernate: delete from employees where employee_id=?
Hibernate: delete from companies where company_id=?
Hibernate: delete from employees where employee_id=?
Hibernate: delete from companies where company_id=?
Hibernate: delete from employees where employee_id=?
Hibernate: delete from companies where company_id=?
Hibernate: select company0_.company_id as company_1_0_0_, company0_.company_name as company_2_0_0_ from companies company0_ where company0_.company_id=?
Hibernate: select next_val as id_val from hibernate_sequence for update
Hibernate: update hibernate_sequence set next_val= ? where next_val=?
Hibernate: select next_val as id_val from hibernate_sequence for update
Hibernate: update hibernate_sequence set next_val= ? where next_val=?
Hibernate: select next_val as id_val from hibernate_sequence for update
Hibernate: update hibernate_sequence set next_val= ? where next_val=?
Hibernate: select next_val as id_val from hibernate_sequence for update
Hibernate: update hibernate_sequence set next_val= ? where next_val=?
Hibernate: select next_val as id_val from hibernate_sequence for update
Hibernate: update hibernate_sequence set next_val= ? where next_val=?
Hibernate: select next_val as id_val from hibernate_sequence for update
Hibernate: update hibernate_sequence set next_val= ? where next_val=?
Hibernate: insert into companies (company_name, company_id) values (?, ?)
Hibernate: insert into employees (firstname, lastname, employee_id) values (?, ?, ?)
Hibernate: insert into companies (company_name, company_id) values (?, ?)
Hibernate: insert into employees (firstname, lastname, employee_id) values (?, ?, ?)
Hibernate: insert into companies (company_name, company_id) values (?, ?)
Hibernate: insert into employees (firstname, lastname, employee_id) values (?, ?, ?)
Hibernate: insert into join_companies_employees (employee_id, company_id) values (?, ?)
Hibernate: insert into join_companies_employees (employee_id, company_id) values (?, ?)
Hibernate: insert into join_companies_employees (employee_id, company_id) values (?, ?)
Hibernate: insert into join_companies_employees (employee_id, company_id) values (?, ?)
Hibernate: insert into join_companies_employees (employee_id, company_id) values (?, ?)
Hibernate: select company0_.company_id as company_1_0_1_, company0_.company_name as company_2_0_1_, employees1_.company_id as company_2_4_3_, employee2_.employee_id as employee1_4_3_, employee2_.employee_id as employee1_1_0_, employee2_.firstname as firstnam2_1_0_, employee2_.lastname as lastname3_1_0_ from companies company0_ left outer join join_companies_employees employees1_ on company0_.company_id=employees1_.company_id left outer join employees employee2_ on employees1_.employee_id=employee2_.employee_id where company0_.company_id=?
Hibernate: select companies0_.employee_id as employee1_4_0_, companies0_.company_id as company_2_4_0_, company1_.company_id as company_1_0_1_, company1_.company_name as company_2_0_1_ from join_companies_employees companies0_ inner join companies company1_ on companies0_.company_id=company1_.company_id where companies0_.employee_id=?
Hibernate: select company0_.company_id as company_1_0_1_, company0_.company_name as company_2_0_1_, employees1_.company_id as company_2_4_3_, employee2_.employee_id as employee1_4_3_, employee2_.employee_id as employee1_1_0_, employee2_.firstname as firstnam2_1_0_, employee2_.lastname as lastname3_1_0_ from companies company0_ left outer join join_companies_employees employees1_ on company0_.company_id=employees1_.company_id left outer join employees employee2_ on employees1_.employee_id=employee2_.employee_id where company0_.company_id=?
Hibernate: select company0_.company_id as company_1_0_1_, company0_.company_name as company_2_0_1_, employees1_.company_id as company_2_4_3_, employee2_.employee_id as employee1_4_3_, employee2_.employee_id as employee1_1_0_, employee2_.firstname as firstnam2_1_0_, employee2_.lastname as lastname3_1_0_ from companies company0_ left outer join join_companies_employees employees1_ on company0_.company_id=employees1_.company_id left outer join employees employee2_ on employees1_.employee_id=employee2_.employee_id where company0_.company_id=?
Hibernate: select companies0_.employee_id as employee1_4_0_, companies0_.company_id as company_2_4_0_, company1_.company_id as company_1_0_1_, company1_.company_name as company_2_0_1_ from join_companies_employees companies0_ inner join companies company1_ on companies0_.company_id=company1_.company_id where companies0_.employee_id=?
Hibernate: select companies0_.employee_id as employee1_4_0_, companies0_.company_id as company_2_4_0_, company1_.company_id as company_1_0_1_, company1_.company_name as company_2_0_1_ from join_companies_employees companies0_ inner join companies company1_ on companies0_.company_id=company1_.company_id where companies0_.employee_id=?
Hibernate: select company0_.company_id as company_1_0_1_, company0_.company_name as company_2_0_1_, employees1_.company_id as company_2_4_3_, employee2_.employee_id as employee1_4_3_, employee2_.employee_id as employee1_1_0_, employee2_.firstname as firstnam2_1_0_, employee2_.lastname as lastname3_1_0_ from companies company0_ left outer join join_companies_employees employees1_ on company0_.company_id=employees1_.company_id left outer join employees employee2_ on employees1_.employee_id=employee2_.employee_id where company0_.company_id=?
Hibernate: select company0_.company_id as company_1_0_1_, company0_.company_name as company_2_0_1_, employees1_.company_id as company_2_4_3_, employee2_.employee_id as employee1_4_3_, employee2_.employee_id as employee1_1_0_, employee2_.firstname as firstnam2_1_0_, employee2_.lastname as lastname3_1_0_ from companies company0_ left outer join join_companies_employees employees1_ on company0_.company_id=employees1_.company_id left outer join employees employee2_ on employees1_.employee_id=employee2_.employee_id where company0_.company_id=?
Hibernate: select companies0_.employee_id as employee1_4_0_, companies0_.company_id as company_2_4_0_, company1_.company_id as company_1_0_1_, company1_.company_name as company_2_0_1_ from join_companies_employees companies0_ inner join companies company1_ on companies0_.company_id=company1_.company_id where companies0_.employee_id=?
Hibernate: select company0_.company_id as company_1_0_1_, company0_.company_name as company_2_0_1_, employees1_.company_id as company_2_4_3_, employee2_.employee_id as employee1_4_3_, employee2_.employee_id as employee1_1_0_, employee2_.firstname as firstnam2_1_0_, employee2_.lastname as lastname3_1_0_ from companies company0_ left outer join join_companies_employees employees1_ on company0_.company_id=employees1_.company_id left outer join employees employee2_ on employees1_.employee_id=employee2_.employee_id where company0_.company_id=?
Hibernate: select companies0_.employee_id as employee1_4_0_, companies0_.company_id as company_2_4_0_, company1_.company_id as company_1_0_1_, company1_.company_name as company_2_0_1_ from join_companies_employees companies0_ inner join companies company1_ on companies0_.company_id=company1_.company_id where companies0_.employee_id=?
Hibernate: select companies0_.employee_id as employee1_4_0_, companies0_.company_id as company_2_4_0_, company1_.company_id as company_1_0_1_, company1_.company_name as company_2_0_1_ from join_companies_employees companies0_ inner join companies company1_ on companies0_.company_id=company1_.company_id where companies0_.employee_id=?
Hibernate: select company0_.company_id as company_1_0_0_, company0_.company_name as company_2_0_0_ from companies company0_ where company0_.company_id=?
Hibernate: select employees0_.company_id as company_2_4_0_, employees0_.employee_id as employee1_4_0_, employee1_.employee_id as employee1_1_1_, employee1_.firstname as firstnam2_1_1_, employee1_.lastname as lastname3_1_1_ from join_companies_employees employees0_ inner join employees employee1_ on employees0_.employee_id=employee1_.employee_id where employees0_.company_id=?
Hibernate: select companies0_.employee_id as employee1_4_0_, companies0_.company_id as company_2_4_0_, company1_.company_id as company_1_0_1_, company1_.company_name as company_2_0_1_ from join_companies_employees companies0_ inner join companies company1_ on companies0_.company_id=company1_.company_id where companies0_.employee_id=?
Hibernate: select employees0_.company_id as company_2_4_0_, employees0_.employee_id as employee1_4_0_, employee1_.employee_id as employee1_1_1_, employee1_.firstname as firstnam2_1_1_, employee1_.lastname as lastname3_1_1_ from join_companies_employees employees0_ inner join employees employee1_ on employees0_.employee_id=employee1_.employee_id where employees0_.company_id=?
Hibernate: select companies0_.employee_id as employee1_4_0_, companies0_.company_id as company_2_4_0_, company1_.company_id as company_1_0_1_, company1_.company_name as company_2_0_1_ from join_companies_employees companies0_ inner join companies company1_ on companies0_.company_id=company1_.company_id where companies0_.employee_id=?
Hibernate: select employees0_.company_id as company_2_4_0_, employees0_.employee_id as employee1_4_0_, employee1_.employee_id as employee1_1_1_, employee1_.firstname as firstnam2_1_1_, employee1_.lastname as lastname3_1_1_ from join_companies_employees employees0_ inner join employees employee1_ on employees0_.employee_id=employee1_.employee_id where employees0_.company_id=?
Hibernate: select companies0_.employee_id as employee1_4_0_, companies0_.company_id as company_2_4_0_, company1_.company_id as company_1_0_1_, company1_.company_name as company_2_0_1_ from join_companies_employees companies0_ inner join companies company1_ on companies0_.company_id=company1_.company_id where companies0_.employee_id=?
Hibernate: delete from join_companies_employees where employee_id=?
Hibernate: delete from join_companies_employees where employee_id=?
Hibernate: delete from join_companies_employees where employee_id=?
Hibernate: delete from employees where employee_id=?
Hibernate: delete from companies where company_id=?
Hibernate: delete from employees where employee_id=?
Hibernate: delete from companies where company_id=?
Hibernate: delete from employees where employee_id=?
Hibernate: delete from companies where company_id=?
Hibernate: select company0_.company_id as company_1_0_0_, company0_.company_name as company_2_0_0_ from companies company0_ where company0_.company_id=?
]]></system-out>
  <system-err><![CDATA[]]></system-err>
</testsuite>
