<?xml version="1.0" encoding="UTF-8"?>
<testsuite name="com.kodilla.hibernate.task.dao.TaskFinancialDetailsDaoTestSuite" tests="1" skipped="0" failures="0" errors="0" timestamp="2019-08-26T14:04:57" hostname="DESKTOP-6DHFJAR" time="0.012">
  <properties/>
  <testcase name="testFindByPaid" classname="com.kodilla.hibernate.task.dao.TaskFinancialDetailsDaoTestSuite" time="0.012"/>
  <system-out><![CDATA[2019-08-26 16:04:57.707  INFO 1472 --- [    Test worker] .b.t.c.SpringBootTestContextBootstrapper : Neither @ContextConfiguration nor @ContextHierarchy found for test class [com.kodilla.hibernate.task.dao.TaskFinancialDetailsDaoTestSuite], using SpringBootContextLoader
2019-08-26 16:04:57.707  INFO 1472 --- [    Test worker] o.s.t.c.support.AbstractContextLoader    : Could not detect default resource locations for test class [com.kodilla.hibernate.task.dao.TaskFinancialDetailsDaoTestSuite]: no resource found for suffixes {-context.xml, Context.groovy}.
2019-08-26 16:04:57.707  INFO 1472 --- [    Test worker] t.c.s.AnnotationConfigContextLoaderUtils : Could not detect default configuration classes for test class [com.kodilla.hibernate.task.dao.TaskFinancialDetailsDaoTestSuite]: TaskFinancialDetailsDaoTestSuite does not declare any static, non-private, non-final, nested classes annotated with @Configuration.
2019-08-26 16:04:57.708  INFO 1472 --- [    Test worker] .b.t.c.SpringBootTestContextBootstrapper : Found @SpringBootConfiguration com.kodilla.hibernate.KodillaHibernateApplication for test class com.kodilla.hibernate.task.dao.TaskFinancialDetailsDaoTestSuite
2019-08-26 16:04:57.709  INFO 1472 --- [    Test worker] .b.t.c.SpringBootTestContextBootstrapper : Loaded default TestExecutionListener class names from location [META-INF/spring.factories]: [org.springframework.boot.test.autoconfigure.restdocs.RestDocsTestExecutionListener, org.springframework.boot.test.autoconfigure.web.client.MockRestServiceServerResetTestExecutionListener, org.springframework.boot.test.autoconfigure.web.servlet.MockMvcPrintOnlyOnFailureTestExecutionListener, org.springframework.boot.test.autoconfigure.web.servlet.WebDriverTestExecutionListener, org.springframework.boot.test.mock.mockito.MockitoTestExecutionListener, org.springframework.boot.test.mock.mockito.ResetMocksTestExecutionListener, org.springframework.test.context.web.ServletTestExecutionListener, org.springframework.test.context.support.DirtiesContextBeforeModesTestExecutionListener, org.springframework.test.context.support.DependencyInjectionTestExecutionListener, org.springframework.test.context.support.DirtiesContextTestExecutionListener, org.springframework.test.context.transaction.TransactionalTestExecutionListener, org.springframework.test.context.jdbc.SqlScriptsTestExecutionListener]
2019-08-26 16:04:57.709  INFO 1472 --- [    Test worker] .b.t.c.SpringBootTestContextBootstrapper : Using TestExecutionListeners: [org.springframework.test.context.support.DirtiesContextBeforeModesTestExecutionListener@73f5fdb2, org.springframework.boot.test.mock.mockito.MockitoTestExecutionListener@4fa0479c, org.springframework.boot.test.autoconfigure.SpringBootDependencyInjectionTestExecutionListener@5000ed74, org.springframework.test.context.support.DirtiesContextTestExecutionListener@410ebfb7, org.springframework.test.context.transaction.TransactionalTestExecutionListener@1dcad249, org.springframework.test.context.jdbc.SqlScriptsTestExecutionListener@509beacb, org.springframework.boot.test.autoconfigure.restdocs.RestDocsTestExecutionListener@7a7d6e1, org.springframework.boot.test.autoconfigure.web.client.MockRestServiceServerResetTestExecutionListener@33e032a5, org.springframework.boot.test.autoconfigure.web.servlet.MockMvcPrintOnlyOnFailureTestExecutionListener@78f3f60a, org.springframework.boot.test.autoconfigure.web.servlet.WebDriverTestExecutionListener@7731866d, org.springframework.boot.test.mock.mockito.ResetMocksTestExecutionListener@4e9846b4]
Hibernate: select next_val as id_val from hibernate_sequence for update
Hibernate: update hibernate_sequence set next_val= ? where next_val=?
Hibernate: insert into tasks_financials (paid, price, id) values (?, ?, ?)
Hibernate: select taskfinanc0_.id as id1_8_, taskfinanc0_.paid as paid2_8_, taskfinanc0_.price as price3_8_ from tasks_financials taskfinanc0_ where taskfinanc0_.paid=?
Hibernate: select taskfinanc0_.id as id1_8_0_, taskfinanc0_.paid as paid2_8_0_, taskfinanc0_.price as price3_8_0_ from tasks_financials taskfinanc0_ where taskfinanc0_.id=?
Hibernate: delete from tasks_financials where id=?
]]></system-out>
  <system-err><![CDATA[]]></system-err>
</testsuite>
