<?xml version="1.0" encoding="UTF-8"?>
<testsuite name="com.kodilla.hibernate.invoice.dao.InvoiceDaoTestSuite" tests="1" skipped="0" failures="0" errors="0" timestamp="2019-08-26T13:47:34" hostname="DESKTOP-6DHFJAR" time="0.073">
  <properties/>
  <testcase name="testInvoiceDaoSave" classname="com.kodilla.hibernate.invoice.dao.InvoiceDaoTestSuite" time="0.073"/>
  <system-out><![CDATA[15:47:32.091 [Test worker] DEBUG org.springframework.test.context.junit4.SpringJUnit4ClassRunner - SpringJUnit4ClassRunner constructor called with [class com.kodilla.hibernate.invoice.dao.InvoiceDaoTestSuite]
15:47:32.097 [Test worker] DEBUG org.springframework.test.context.BootstrapUtils - Instantiating CacheAwareContextLoaderDelegate from class [org.springframework.test.context.cache.DefaultCacheAwareContextLoaderDelegate]
15:47:32.102 [Test worker] DEBUG org.springframework.test.context.BootstrapUtils - Instantiating BootstrapContext using constructor [public org.springframework.test.context.support.DefaultBootstrapContext(java.lang.Class,org.springframework.test.context.CacheAwareContextLoaderDelegate)]
15:47:32.115 [Test worker] DEBUG org.springframework.test.context.BootstrapUtils - Instantiating TestContextBootstrapper for test class [com.kodilla.hibernate.invoice.dao.InvoiceDaoTestSuite] from class [org.springframework.boot.test.context.SpringBootTestContextBootstrapper]
15:47:32.123 [Test worker] INFO org.springframework.boot.test.context.SpringBootTestContextBootstrapper - Neither @ContextConfiguration nor @ContextHierarchy found for test class [com.kodilla.hibernate.invoice.dao.InvoiceDaoTestSuite], using SpringBootContextLoader
15:47:32.126 [Test worker] DEBUG org.springframework.test.context.support.AbstractContextLoader - Did not detect default resource location for test class [com.kodilla.hibernate.invoice.dao.InvoiceDaoTestSuite]: class path resource [com/kodilla/hibernate/invoice/dao/InvoiceDaoTestSuite-context.xml] does not exist
15:47:32.126 [Test worker] DEBUG org.springframework.test.context.support.AbstractContextLoader - Did not detect default resource location for test class [com.kodilla.hibernate.invoice.dao.InvoiceDaoTestSuite]: class path resource [com/kodilla/hibernate/invoice/dao/InvoiceDaoTestSuiteContext.groovy] does not exist
15:47:32.126 [Test worker] INFO org.springframework.test.context.support.AbstractContextLoader - Could not detect default resource locations for test class [com.kodilla.hibernate.invoice.dao.InvoiceDaoTestSuite]: no resource found for suffixes {-context.xml, Context.groovy}.
15:47:32.126 [Test worker] INFO org.springframework.test.context.support.AnnotationConfigContextLoaderUtils - Could not detect default configuration classes for test class [com.kodilla.hibernate.invoice.dao.InvoiceDaoTestSuite]: InvoiceDaoTestSuite does not declare any static, non-private, non-final, nested classes annotated with @Configuration.
15:47:32.153 [Test worker] DEBUG org.springframework.test.context.support.ActiveProfilesUtils - Could not find an 'annotation declaring class' for annotation type [org.springframework.test.context.ActiveProfiles] and class [com.kodilla.hibernate.invoice.dao.InvoiceDaoTestSuite]
15:47:32.210 [Test worker] DEBUG org.springframework.context.annotation.ClassPathScanningCandidateComponentProvider - Identified candidate component class: file [D:\Projects\IdeaProjects\kodilla-course4\kodilla-hibernate\build\classes\java\main\com\kodilla\hibernate\KodillaHibernateApplication.class]
15:47:32.211 [Test worker] INFO org.springframework.boot.test.context.SpringBootTestContextBootstrapper - Found @SpringBootConfiguration com.kodilla.hibernate.KodillaHibernateApplication for test class com.kodilla.hibernate.invoice.dao.InvoiceDaoTestSuite
15:47:32.274 [Test worker] DEBUG org.springframework.boot.test.context.SpringBootTestContextBootstrapper - @TestExecutionListeners is not present for class [com.kodilla.hibernate.invoice.dao.InvoiceDaoTestSuite]: using defaults.
15:47:32.275 [Test worker] INFO org.springframework.boot.test.context.SpringBootTestContextBootstrapper - Loaded default TestExecutionListener class names from location [META-INF/spring.factories]: [org.springframework.boot.test.autoconfigure.restdocs.RestDocsTestExecutionListener, org.springframework.boot.test.autoconfigure.web.client.MockRestServiceServerResetTestExecutionListener, org.springframework.boot.test.autoconfigure.web.servlet.MockMvcPrintOnlyOnFailureTestExecutionListener, org.springframework.boot.test.autoconfigure.web.servlet.WebDriverTestExecutionListener, org.springframework.boot.test.mock.mockito.MockitoTestExecutionListener, org.springframework.boot.test.mock.mockito.ResetMocksTestExecutionListener, org.springframework.test.context.web.ServletTestExecutionListener, org.springframework.test.context.support.DirtiesContextBeforeModesTestExecutionListener, org.springframework.test.context.support.DependencyInjectionTestExecutionListener, org.springframework.test.context.support.DirtiesContextTestExecutionListener, org.springframework.test.context.transaction.TransactionalTestExecutionListener, org.springframework.test.context.jdbc.SqlScriptsTestExecutionListener]
15:47:32.280 [Test worker] DEBUG org.springframework.boot.test.context.SpringBootTestContextBootstrapper - Skipping candidate TestExecutionListener [org.springframework.test.context.web.ServletTestExecutionListener] due to a missing dependency. Specify custom listener classes or make the default listener classes and their required dependencies available. Offending class: [javax/servlet/ServletContext]
15:47:32.286 [Test worker] INFO org.springframework.boot.test.context.SpringBootTestContextBootstrapper - Using TestExecutionListeners: [org.springframework.test.context.support.DirtiesContextBeforeModesTestExecutionListener@70780ca4, org.springframework.boot.test.mock.mockito.MockitoTestExecutionListener@3fd9b446, org.springframework.boot.test.autoconfigure.SpringBootDependencyInjectionTestExecutionListener@62e1cd9d, org.springframework.test.context.support.DirtiesContextTestExecutionListener@c769494, org.springframework.test.context.transaction.TransactionalTestExecutionListener@3cdbb492, org.springframework.test.context.jdbc.SqlScriptsTestExecutionListener@4ed24ccb, org.springframework.boot.test.autoconfigure.restdocs.RestDocsTestExecutionListener@22b3eda9, org.springframework.boot.test.autoconfigure.web.client.MockRestServiceServerResetTestExecutionListener@1a591f5f, org.springframework.boot.test.autoconfigure.web.servlet.MockMvcPrintOnlyOnFailureTestExecutionListener@7bc757a2, org.springframework.boot.test.autoconfigure.web.servlet.WebDriverTestExecutionListener@27aff805, org.springframework.boot.test.mock.mockito.ResetMocksTestExecutionListener@1a4c97fc]
15:47:32.288 [Test worker] DEBUG org.springframework.test.annotation.ProfileValueUtils - Retrieved @ProfileValueSourceConfiguration [null] for test class [com.kodilla.hibernate.invoice.dao.InvoiceDaoTestSuite]
15:47:32.288 [Test worker] DEBUG org.springframework.test.annotation.ProfileValueUtils - Retrieved ProfileValueSource type [class org.springframework.test.annotation.SystemProfileValueSource] for class [com.kodilla.hibernate.invoice.dao.InvoiceDaoTestSuite]
15:47:32.288 [Test worker] DEBUG org.springframework.test.annotation.ProfileValueUtils - Retrieved @ProfileValueSourceConfiguration [null] for test class [com.kodilla.hibernate.invoice.dao.InvoiceDaoTestSuite]
15:47:32.289 [Test worker] DEBUG org.springframework.test.annotation.ProfileValueUtils - Retrieved ProfileValueSource type [class org.springframework.test.annotation.SystemProfileValueSource] for class [com.kodilla.hibernate.invoice.dao.InvoiceDaoTestSuite]
15:47:32.292 [Test worker] DEBUG org.springframework.test.context.support.AbstractDirtiesContextTestExecutionListener - Before test class: context [DefaultTestContext@9664594 testClass = InvoiceDaoTestSuite, testInstance = [null], testMethod = [null], testException = [null], mergedContextConfiguration = [MergedContextConfiguration@736939a1 testClass = InvoiceDaoTestSuite, locations = '{}', classes = '{class com.kodilla.hibernate.KodillaHibernateApplication}', contextInitializerClasses = '[]', activeProfiles = '{}', propertySourceLocations = '{}', propertySourceProperties = '{org.springframework.boot.test.context.SpringBootTestContextBootstrapper=true}', contextCustomizers = set[org.springframework.boot.test.autoconfigure.properties.PropertyMappingContextCustomizer@0, org.springframework.boot.test.autoconfigure.web.servlet.WebDriverContextCustomizerFactory$Customizer@57dfd403, org.springframework.boot.test.context.filter.ExcludeFilterContextCustomizer@25d6b55e, org.springframework.boot.test.json.DuplicateJsonObjectContextCustomizerFactory$DuplicateJsonObjectContextCustomizer@192fa2a1, org.springframework.boot.test.mock.mockito.MockitoContextCustomizer@0, org.springframework.boot.test.web.client.TestRestTemplateContextCustomizer@4dccb343], contextLoader = 'org.springframework.boot.test.context.SpringBootContextLoader', parent = [null]], attributes = map[[empty]]], class annotated with @DirtiesContext [false] with mode [null].
15:47:32.292 [Test worker] DEBUG org.springframework.test.annotation.ProfileValueUtils - Retrieved @ProfileValueSourceConfiguration [null] for test class [com.kodilla.hibernate.invoice.dao.InvoiceDaoTestSuite]
15:47:32.292 [Test worker] DEBUG org.springframework.test.annotation.ProfileValueUtils - Retrieved ProfileValueSource type [class org.springframework.test.annotation.SystemProfileValueSource] for class [com.kodilla.hibernate.invoice.dao.InvoiceDaoTestSuite]
15:47:32.295 [Test worker] DEBUG org.springframework.test.context.support.DependencyInjectionTestExecutionListener - Performing dependency injection for test context [[DefaultTestContext@9664594 testClass = InvoiceDaoTestSuite, testInstance = com.kodilla.hibernate.invoice.dao.InvoiceDaoTestSuite@3076996d, testMethod = [null], testException = [null], mergedContextConfiguration = [MergedContextConfiguration@736939a1 testClass = InvoiceDaoTestSuite, locations = '{}', classes = '{class com.kodilla.hibernate.KodillaHibernateApplication}', contextInitializerClasses = '[]', activeProfiles = '{}', propertySourceLocations = '{}', propertySourceProperties = '{org.springframework.boot.test.context.SpringBootTestContextBootstrapper=true}', contextCustomizers = set[org.springframework.boot.test.autoconfigure.properties.PropertyMappingContextCustomizer@0, org.springframework.boot.test.autoconfigure.web.servlet.WebDriverContextCustomizerFactory$Customizer@57dfd403, org.springframework.boot.test.context.filter.ExcludeFilterContextCustomizer@25d6b55e, org.springframework.boot.test.json.DuplicateJsonObjectContextCustomizerFactory$DuplicateJsonObjectContextCustomizer@192fa2a1, org.springframework.boot.test.mock.mockito.MockitoContextCustomizer@0, org.springframework.boot.test.web.client.TestRestTemplateContextCustomizer@4dccb343], contextLoader = 'org.springframework.boot.test.context.SpringBootContextLoader', parent = [null]], attributes = map[[empty]]]].
15:47:32.308 [Test worker] DEBUG org.springframework.test.context.support.TestPropertySourceUtils - Adding inlined properties to environment: {spring.jmx.enabled=false, org.springframework.boot.test.context.SpringBootTestContextBootstrapper=true, server.port=-1}

  .   ____          _            __ _ _
 /\\ / ___'_ __ _ _(_)_ __  __ _ \ \ \ \
( ( )\___ | '_ | '_| | '_ \/ _` | \ \ \ \
 \\/  ___)| |_)| | | | | || (_| |  ) ) ) )
  '  |____| .__|_| |_|_| |_\__, | / / / /
 =========|_|==============|___/=/_/_/_/
 :: Spring Boot ::        (v2.1.3.RELEASE)

2019-08-26 15:47:32.449  INFO 1472 --- [    Test worker] c.k.h.invoice.dao.InvoiceDaoTestSuite    : Starting InvoiceDaoTestSuite on DESKTOP-6DHFJAR with PID 1472 (started by Piotr in D:\Projects\IdeaProjects\kodilla-course4\kodilla-hibernate)
2019-08-26 15:47:32.450  INFO 1472 --- [    Test worker] c.k.h.invoice.dao.InvoiceDaoTestSuite    : No active profile set, falling back to default profiles: default
2019-08-26 15:47:32.728  INFO 1472 --- [    Test worker] .s.d.r.c.RepositoryConfigurationDelegate : Bootstrapping Spring Data repositories in DEFAULT mode.
2019-08-26 15:47:32.783  INFO 1472 --- [    Test worker] .s.d.r.c.RepositoryConfigurationDelegate : Finished Spring Data repository scanning in 50ms. Found 8 repository interfaces.
2019-08-26 15:47:33.131  INFO 1472 --- [    Test worker] o.hibernate.jpa.internal.util.LogHelper  : HHH000204: Processing PersistenceUnitInfo [
	name: default
	...]
2019-08-26 15:47:33.179  INFO 1472 --- [    Test worker] org.hibernate.Version                    : HHH000412: Hibernate Core {5.3.7.Final}
2019-08-26 15:47:33.180  INFO 1472 --- [    Test worker] org.hibernate.cfg.Environment            : HHH000206: hibernate.properties not found
2019-08-26 15:47:33.286  INFO 1472 --- [    Test worker] o.hibernate.annotations.common.Version   : HCANN000001: Hibernate Commons Annotations {5.0.4.Final}
2019-08-26 15:47:33.390  INFO 1472 --- [    Test worker] com.zaxxer.hikari.HikariDataSource       : HikariPool-1 - Starting...
2019-08-26 15:47:33.497  INFO 1472 --- [    Test worker] com.zaxxer.hikari.HikariDataSource       : HikariPool-1 - Start completed.
2019-08-26 15:47:33.508  INFO 1472 --- [    Test worker] org.hibernate.dialect.Dialect            : HHH000400: Using dialect: org.hibernate.dialect.MySQL5Dialect
Hibernate: alter table items add constraint FKi3fv29v33apu6j1klh8nld3re foreign key (invoice_id) references invoices (id)
Hibernate: alter table items add constraint FKmtk37pxnx7d5ck7fkq2xcna4i foreign key (product_id) references products (id)
Hibernate: alter table join_companies_employees add constraint FKcrq41bl86dgjaei5tnxr70mgl foreign key (company_id) references companies (company_id)
Hibernate: alter table join_companies_employees add constraint FK61x7ub9ye9p175flba4htlv7 foreign key (employee_id) references employees (employee_id)
Hibernate: alter table task add constraint FKliem5mrimhjg2byx48fb9wobn foreign key (tasks_financials_id) references tasks_financials (id)
Hibernate: alter table task add constraint FKmyqmrtfqr5800u7ousxunolbq foreign key (tasklist_id) references tasklist (id)
2019-08-26 15:47:34.291  INFO 1472 --- [    Test worker] o.h.h.i.QueryTranslatorFactoryInitiator  : HHH000397: Using ASTQueryTranslatorFactory
2019-08-26 15:47:34.357  INFO 1472 --- [    Test worker] j.LocalContainerEntityManagerFactoryBean : Initialized JPA EntityManagerFactory for persistence unit 'default'
2019-08-26 15:47:34.824  INFO 1472 --- [    Test worker] c.k.h.invoice.dao.InvoiceDaoTestSuite    : Started InvoiceDaoTestSuite in 2.515 seconds (JVM running for 3.166)
2019-08-26 15:47:34.835  INFO 1472 --- [    Test worker] o.s.t.c.transaction.TransactionContext   : Began transaction (1) for test context [DefaultTestContext@9664594 testClass = InvoiceDaoTestSuite, testInstance = com.kodilla.hibernate.invoice.dao.InvoiceDaoTestSuite@3076996d, testMethod = testInvoiceDaoSave@InvoiceDaoTestSuite, testException = [null], mergedContextConfiguration = [MergedContextConfiguration@736939a1 testClass = InvoiceDaoTestSuite, locations = '{}', classes = '{class com.kodilla.hibernate.KodillaHibernateApplication}', contextInitializerClasses = '[]', activeProfiles = '{}', propertySourceLocations = '{}', propertySourceProperties = '{org.springframework.boot.test.context.SpringBootTestContextBootstrapper=true}', contextCustomizers = set[org.springframework.boot.test.autoconfigure.properties.PropertyMappingContextCustomizer@0, org.springframework.boot.test.autoconfigure.web.servlet.WebDriverContextCustomizerFactory$Customizer@57dfd403, org.springframework.boot.test.context.filter.ExcludeFilterContextCustomizer@25d6b55e, org.springframework.boot.test.json.DuplicateJsonObjectContextCustomizerFactory$DuplicateJsonObjectContextCustomizer@192fa2a1, org.springframework.boot.test.mock.mockito.MockitoContextCustomizer@0, org.springframework.boot.test.web.client.TestRestTemplateContextCustomizer@4dccb343], contextLoader = 'org.springframework.boot.test.context.SpringBootContextLoader', parent = [null]], attributes = map[[empty]]]; transaction manager [org.springframework.orm.jpa.JpaTransactionManager@3673b9b8]; rollback [true]
Hibernate: select next_val as id_val from hibernate_sequence for update
Hibernate: update hibernate_sequence set next_val= ? where next_val=?
Hibernate: select next_val as id_val from hibernate_sequence for update
Hibernate: update hibernate_sequence set next_val= ? where next_val=?
Hibernate: select next_val as id_val from hibernate_sequence for update
Hibernate: update hibernate_sequence set next_val= ? where next_val=?
2019-08-26 15:47:34.901  INFO 1472 --- [    Test worker] o.s.t.c.transaction.TransactionContext   : Rolled back transaction for test: [DefaultTestContext@9664594 testClass = InvoiceDaoTestSuite, testInstance = com.kodilla.hibernate.invoice.dao.InvoiceDaoTestSuite@3076996d, testMethod = testInvoiceDaoSave@InvoiceDaoTestSuite, testException = [null], mergedContextConfiguration = [MergedContextConfiguration@736939a1 testClass = InvoiceDaoTestSuite, locations = '{}', classes = '{class com.kodilla.hibernate.KodillaHibernateApplication}', contextInitializerClasses = '[]', activeProfiles = '{}', propertySourceLocations = '{}', propertySourceProperties = '{org.springframework.boot.test.context.SpringBootTestContextBootstrapper=true}', contextCustomizers = set[org.springframework.boot.test.autoconfigure.properties.PropertyMappingContextCustomizer@0, org.springframework.boot.test.autoconfigure.web.servlet.WebDriverContextCustomizerFactory$Customizer@57dfd403, org.springframework.boot.test.context.filter.ExcludeFilterContextCustomizer@25d6b55e, org.springframework.boot.test.json.DuplicateJsonObjectContextCustomizerFactory$DuplicateJsonObjectContextCustomizer@192fa2a1, org.springframework.boot.test.mock.mockito.MockitoContextCustomizer@0, org.springframework.boot.test.web.client.TestRestTemplateContextCustomizer@4dccb343], contextLoader = 'org.springframework.boot.test.context.SpringBootContextLoader', parent = [null]], attributes = map[[empty]]]
]]></system-out>
  <system-err><![CDATA[]]></system-err>
</testsuite>
