<?xml version="1.0" encoding="UTF-8"?>
<testsuite name="com.kodilla.hibernate.manytomany.dao.facade.FindingCompanyAndEmployeeFacadeTestSuit" tests="2" skipped="0" failures="0" errors="0" timestamp="2019-09-09T17:04:59" hostname="DESKTOP-6DHFJAR" time="0.07">
  <properties/>
  <testcase name="testFindCompanyByPartOfName" classname="com.kodilla.hibernate.manytomany.dao.facade.FindingCompanyAndEmployeeFacadeTestSuit" time="0.036"/>
  <testcase name="FindEmployeeByPartOfName" classname="com.kodilla.hibernate.manytomany.dao.facade.FindingCompanyAndEmployeeFacadeTestSuit" time="0.034"/>
  <system-out><![CDATA[2019-09-09 19:04:59.058  INFO 9192 --- [    Test worker] .b.t.c.SpringBootTestContextBootstrapper : Neither @ContextConfiguration nor @ContextHierarchy found for test class [com.kodilla.hibernate.manytomany.dao.facade.FindingCompanyAndEmployeeFacadeTestSuit], using SpringBootContextLoader
2019-09-09 19:04:59.058  INFO 9192 --- [    Test worker] o.s.t.c.support.AbstractContextLoader    : Could not detect default resource locations for test class [com.kodilla.hibernate.manytomany.dao.facade.FindingCompanyAndEmployeeFacadeTestSuit]: no resource found for suffixes {-context.xml, Context.groovy}.
2019-09-09 19:04:59.058  INFO 9192 --- [    Test worker] t.c.s.AnnotationConfigContextLoaderUtils : Could not detect default configuration classes for test class [com.kodilla.hibernate.manytomany.dao.facade.FindingCompanyAndEmployeeFacadeTestSuit]: FindingCompanyAndEmployeeFacadeTestSuit does not declare any static, non-private, non-final, nested classes annotated with @Configuration.
2019-09-09 19:04:59.063  INFO 9192 --- [    Test worker] .b.t.c.SpringBootTestContextBootstrapper : Found @SpringBootConfiguration com.kodilla.hibernate.KodillaHibernateApplication for test class com.kodilla.hibernate.manytomany.dao.facade.FindingCompanyAndEmployeeFacadeTestSuit
2019-09-09 19:04:59.065  INFO 9192 --- [    Test worker] .b.t.c.SpringBootTestContextBootstrapper : Loaded default TestExecutionListener class names from location [META-INF/spring.factories]: [org.springframework.boot.test.autoconfigure.restdocs.RestDocsTestExecutionListener, org.springframework.boot.test.autoconfigure.web.client.MockRestServiceServerResetTestExecutionListener, org.springframework.boot.test.autoconfigure.web.servlet.MockMvcPrintOnlyOnFailureTestExecutionListener, org.springframework.boot.test.autoconfigure.web.servlet.WebDriverTestExecutionListener, org.springframework.boot.test.mock.mockito.MockitoTestExecutionListener, org.springframework.boot.test.mock.mockito.ResetMocksTestExecutionListener, org.springframework.test.context.web.ServletTestExecutionListener, org.springframework.test.context.support.DirtiesContextBeforeModesTestExecutionListener, org.springframework.test.context.support.DependencyInjectionTestExecutionListener, org.springframework.test.context.support.DirtiesContextTestExecutionListener, org.springframework.test.context.transaction.TransactionalTestExecutionListener, org.springframework.test.context.jdbc.SqlScriptsTestExecutionListener]
2019-09-09 19:04:59.065  INFO 9192 --- [    Test worker] .b.t.c.SpringBootTestContextBootstrapper : Using TestExecutionListeners: [org.springframework.test.context.support.DirtiesContextBeforeModesTestExecutionListener@35531d2e, org.springframework.boot.test.mock.mockito.MockitoTestExecutionListener@4d0a706, org.springframework.boot.test.autoconfigure.SpringBootDependencyInjectionTestExecutionListener@42d2e8c4, org.springframework.test.context.support.DirtiesContextTestExecutionListener@af5ac71, org.springframework.test.context.transaction.TransactionalTestExecutionListener@27626a6c, org.springframework.test.context.jdbc.SqlScriptsTestExecutionListener@268b0111, org.springframework.boot.test.autoconfigure.restdocs.RestDocsTestExecutionListener@73ca49cc, org.springframework.boot.test.autoconfigure.web.client.MockRestServiceServerResetTestExecutionListener@547bf5e0, org.springframework.boot.test.autoconfigure.web.servlet.MockMvcPrintOnlyOnFailureTestExecutionListener@60fec409, org.springframework.boot.test.autoconfigure.web.servlet.WebDriverTestExecutionListener@1e83d28e, org.springframework.boot.test.mock.mockito.ResetMocksTestExecutionListener@3f267cbb]
Hibernate: select next_val as id_val from hibernate_sequence for update
Hibernate: update hibernate_sequence set next_val= ? where next_val=?
Hibernate: insert into companies (company_name, company_id) values (?, ?)
Hibernate: select next_val as id_val from hibernate_sequence for update
Hibernate: update hibernate_sequence set next_val= ? where next_val=?
Hibernate: insert into companies (company_name, company_id) values (?, ?)
Hibernate: select next_val as id_val from hibernate_sequence for update
Hibernate: update hibernate_sequence set next_val= ? where next_val=?
Hibernate: insert into companies (company_name, company_id) values (?, ?)
Hibernate: select next_val as id_val from hibernate_sequence for update
Hibernate: update hibernate_sequence set next_val= ? where next_val=?
Hibernate: insert into companies (company_name, company_id) values (?, ?)
Hibernate: select next_val as id_val from hibernate_sequence for update
Hibernate: update hibernate_sequence set next_val= ? where next_val=?
Hibernate: insert into companies (company_name, company_id) values (?, ?)
Hibernate: SELECT * FROM COMPANIES WHERE COMPANY_NAME LIKE CONCAT('%',?,'%')
Hibernate: select company0_.company_id as company_1_0_1_, company0_.company_name as company_2_0_1_, employees1_.company_id as company_2_4_3_, employee2_.employee_id as employee1_4_3_, employee2_.employee_id as employee1_1_0_, employee2_.firstname as firstnam2_1_0_, employee2_.lastname as lastname3_1_0_ from companies company0_ left outer join join_companies_employees employees1_ on company0_.company_id=employees1_.company_id left outer join employees employee2_ on employees1_.employee_id=employee2_.employee_id where company0_.company_id=?
Hibernate: delete from companies where company_id=?
Hibernate: select company0_.company_id as company_1_0_1_, company0_.company_name as company_2_0_1_, employees1_.company_id as company_2_4_3_, employee2_.employee_id as employee1_4_3_, employee2_.employee_id as employee1_1_0_, employee2_.firstname as firstnam2_1_0_, employee2_.lastname as lastname3_1_0_ from companies company0_ left outer join join_companies_employees employees1_ on company0_.company_id=employees1_.company_id left outer join employees employee2_ on employees1_.employee_id=employee2_.employee_id where company0_.company_id=?
Hibernate: delete from companies where company_id=?
Hibernate: select company0_.company_id as company_1_0_1_, company0_.company_name as company_2_0_1_, employees1_.company_id as company_2_4_3_, employee2_.employee_id as employee1_4_3_, employee2_.employee_id as employee1_1_0_, employee2_.firstname as firstnam2_1_0_, employee2_.lastname as lastname3_1_0_ from companies company0_ left outer join join_companies_employees employees1_ on company0_.company_id=employees1_.company_id left outer join employees employee2_ on employees1_.employee_id=employee2_.employee_id where company0_.company_id=?
Hibernate: delete from companies where company_id=?
Hibernate: select company0_.company_id as company_1_0_1_, company0_.company_name as company_2_0_1_, employees1_.company_id as company_2_4_3_, employee2_.employee_id as employee1_4_3_, employee2_.employee_id as employee1_1_0_, employee2_.firstname as firstnam2_1_0_, employee2_.lastname as lastname3_1_0_ from companies company0_ left outer join join_companies_employees employees1_ on company0_.company_id=employees1_.company_id left outer join employees employee2_ on employees1_.employee_id=employee2_.employee_id where company0_.company_id=?
Hibernate: delete from companies where company_id=?
Hibernate: select company0_.company_id as company_1_0_1_, company0_.company_name as company_2_0_1_, employees1_.company_id as company_2_4_3_, employee2_.employee_id as employee1_4_3_, employee2_.employee_id as employee1_1_0_, employee2_.firstname as firstnam2_1_0_, employee2_.lastname as lastname3_1_0_ from companies company0_ left outer join join_companies_employees employees1_ on company0_.company_id=employees1_.company_id left outer join employees employee2_ on employees1_.employee_id=employee2_.employee_id where company0_.company_id=?
Hibernate: delete from companies where company_id=?
Hibernate: select next_val as id_val from hibernate_sequence for update
Hibernate: update hibernate_sequence set next_val= ? where next_val=?
Hibernate: insert into employees (firstname, lastname, employee_id) values (?, ?, ?)
Hibernate: select next_val as id_val from hibernate_sequence for update
Hibernate: update hibernate_sequence set next_val= ? where next_val=?
Hibernate: insert into employees (firstname, lastname, employee_id) values (?, ?, ?)
Hibernate: select next_val as id_val from hibernate_sequence for update
Hibernate: update hibernate_sequence set next_val= ? where next_val=?
Hibernate: insert into employees (firstname, lastname, employee_id) values (?, ?, ?)
Hibernate: select next_val as id_val from hibernate_sequence for update
Hibernate: update hibernate_sequence set next_val= ? where next_val=?
Hibernate: insert into employees (firstname, lastname, employee_id) values (?, ?, ?)
Hibernate: select next_val as id_val from hibernate_sequence for update
Hibernate: update hibernate_sequence set next_val= ? where next_val=?
Hibernate: insert into employees (firstname, lastname, employee_id) values (?, ?, ?)
Hibernate: select employee0_.employee_id as employee1_1_, employee0_.firstname as firstnam2_1_, employee0_.lastname as lastname3_1_ from employees employee0_ where employee0_.lastname like concat('%', ?, '%')
Hibernate: select employee0_.employee_id as employee1_1_1_, employee0_.firstname as firstnam2_1_1_, employee0_.lastname as lastname3_1_1_, companies1_.employee_id as employee1_4_3_, company2_.company_id as company_2_4_3_, company2_.company_id as company_1_0_0_, company2_.company_name as company_2_0_0_ from employees employee0_ left outer join join_companies_employees companies1_ on employee0_.employee_id=companies1_.employee_id left outer join companies company2_ on companies1_.company_id=company2_.company_id where employee0_.employee_id=?
Hibernate: delete from employees where employee_id=?
Hibernate: select employee0_.employee_id as employee1_1_1_, employee0_.firstname as firstnam2_1_1_, employee0_.lastname as lastname3_1_1_, companies1_.employee_id as employee1_4_3_, company2_.company_id as company_2_4_3_, company2_.company_id as company_1_0_0_, company2_.company_name as company_2_0_0_ from employees employee0_ left outer join join_companies_employees companies1_ on employee0_.employee_id=companies1_.employee_id left outer join companies company2_ on companies1_.company_id=company2_.company_id where employee0_.employee_id=?
Hibernate: delete from employees where employee_id=?
Hibernate: select employee0_.employee_id as employee1_1_1_, employee0_.firstname as firstnam2_1_1_, employee0_.lastname as lastname3_1_1_, companies1_.employee_id as employee1_4_3_, company2_.company_id as company_2_4_3_, company2_.company_id as company_1_0_0_, company2_.company_name as company_2_0_0_ from employees employee0_ left outer join join_companies_employees companies1_ on employee0_.employee_id=companies1_.employee_id left outer join companies company2_ on companies1_.company_id=company2_.company_id where employee0_.employee_id=?
Hibernate: delete from employees where employee_id=?
Hibernate: select employee0_.employee_id as employee1_1_1_, employee0_.firstname as firstnam2_1_1_, employee0_.lastname as lastname3_1_1_, companies1_.employee_id as employee1_4_3_, company2_.company_id as company_2_4_3_, company2_.company_id as company_1_0_0_, company2_.company_name as company_2_0_0_ from employees employee0_ left outer join join_companies_employees companies1_ on employee0_.employee_id=companies1_.employee_id left outer join companies company2_ on companies1_.company_id=company2_.company_id where employee0_.employee_id=?
Hibernate: delete from employees where employee_id=?
Hibernate: select employee0_.employee_id as employee1_1_1_, employee0_.firstname as firstnam2_1_1_, employee0_.lastname as lastname3_1_1_, companies1_.employee_id as employee1_4_3_, company2_.company_id as company_2_4_3_, company2_.company_id as company_1_0_0_, company2_.company_name as company_2_0_0_ from employees employee0_ left outer join join_companies_employees companies1_ on employee0_.employee_id=companies1_.employee_id left outer join companies company2_ on companies1_.company_id=company2_.company_id where employee0_.employee_id=?
Hibernate: delete from employees where employee_id=?
]]></system-out>
  <system-err><![CDATA[]]></system-err>
</testsuite>
