<?xml version="1.0" encoding="UTF-8"?>
<testsuite name="com.kodilla.patterns.prototype.library.LibraryTestSuite" tests="1" skipped="0" failures="0" errors="0" timestamp="2019-08-25T17:54:42" hostname="DESKTOP-6DHFJAR" time="0.003">
  <properties/>
  <testcase name="testGetBooks" classname="com.kodilla.patterns.prototype.library.LibraryTestSuite" time="0.003"/>
  <system-out><![CDATA[Library{name='my Library', books=[Book{title='Book1', author='Author1', publicationDate=1991-01-01}, Book{title='Book3', author='Author3', publicationDate=1993-01-01}, Book{title='Book4', author='Author4', publicationDate=1994-01-01}, Book{title='Book5', author='Author5', publicationDate=1995-01-01}, Book{title='Book6', author='Author6', publicationDate=1996-01-01}, Book{title='Book7', author='Author7', publicationDate=1997-01-01}, Book{title='Book8', author='Author8', publicationDate=1998-01-01}, Book{title='Book9', author='Author9', publicationDate=1999-01-01}, Book{title='Book10', author='Author10', publicationDate=2000-01-01}]}
Library{name='my Library - shallow copy', books=[Book{title='Book1', author='Author1', publicationDate=1991-01-01}, Book{title='Book3', author='Author3', publicationDate=1993-01-01}, Book{title='Book4', author='Author4', publicationDate=1994-01-01}, Book{title='Book5', author='Author5', publicationDate=1995-01-01}, Book{title='Book6', author='Author6', publicationDate=1996-01-01}, Book{title='Book7', author='Author7', publicationDate=1997-01-01}, Book{title='Book8', author='Author8', publicationDate=1998-01-01}, Book{title='Book9', author='Author9', publicationDate=1999-01-01}, Book{title='Book10', author='Author10', publicationDate=2000-01-01}]}
Library{name='my Library - deep copy', books=[Book{title='Book1', author='Author1', publicationDate=1991-01-01}, Book{title='Book2', author='Author2', publicationDate=1992-01-01}, Book{title='Book3', author='Author3', publicationDate=1993-01-01}, Book{title='Book4', author='Author4', publicationDate=1994-01-01}, Book{title='Book5', author='Author5', publicationDate=1995-01-01}, Book{title='Book6', author='Author6', publicationDate=1996-01-01}, Book{title='Book7', author='Author7', publicationDate=1997-01-01}, Book{title='Book8', author='Author8', publicationDate=1998-01-01}, Book{title='Book9', author='Author9', publicationDate=1999-01-01}, Book{title='Book10', author='Author10', publicationDate=2000-01-01}]}
]]></system-out>
  <system-err><![CDATA[]]></system-err>
</testsuite>
