<?xml version="1.0" encoding="UTF-8"?>
<testsuite name="com.kodilla.patterns.builder.bigmac.BigmacTestSuite" tests="1" skipped="0" failures="0" errors="0" timestamp="2019-06-25T17:09:47" hostname="DESKTOP-6DHFJAR" time="0.003">
  <properties/>
  <testcase name="testBigmacNew" classname="com.kodilla.patterns.builder.bigmac.BigmacTestSuite" time="0.003"/>
  <system-out><![CDATA[Bigmac{bun='standardbun', burgers=1, sauce='standard', ingredients=[lettuce, onion, bacon, chees]}
]]></system-out>
  <system-err><![CDATA[]]></system-err>
</testsuite>
