<?xml version="1.0" encoding="UTF-8"?>
<testsuite name="com.kodilla.spring.intro.shape.DrawerTestSuite" tests="2" skipped="0" failures="0" errors="0"
           timestamp="2019-05-22T20:48:16" hostname="DESKTOP-6DHFJAR" time="0.003">
    <properties/>
    <testcase name="testDoDrawingWithTriangle" classname="com.kodilla.spring.intro.shape.DrawerTestSuite" time="0.002"/>
    <testcase name="testDoDrawingWithCircle" classname="com.kodilla.spring.intro.shape.DrawerTestSuite" time="0.001"/>
    <system-out><![CDATA[This is a triangle
This is a circle
]]></system-out>
    <system-err><![CDATA[]]></system-err>
</testsuite>
