<?xml version="1.0" encoding="UTF-8"?>
<testsuite name="com.kodilla.kodillapatterns2.facade.ShopServiceTestSuite" tests="2" skipped="0" failures="0" errors="0" timestamp="2019-09-02T20:36:16" hostname="DESKTOP-6DHFJAR" time="0.011">
  <properties/>
  <testcase name="testShopServiceSubmitOrder" classname="com.kodilla.kodillapatterns2.facade.ShopServiceTestSuite" time="0.005"/>
  <testcase name="testShopFacade" classname="com.kodilla.kodillapatterns2.facade.ShopServiceTestSuite" time="0.006"/>
  <system-out><![CDATA[2019-09-02 22:36:16.250  INFO 5500 --- [    Test worker] .b.t.c.SpringBootTestContextBootstrapper : Neither @ContextConfiguration nor @ContextHierarchy found for test class [com.kodilla.kodillapatterns2.facade.ShopServiceTestSuite], using SpringBootContextLoader
2019-09-02 22:36:16.250  INFO 5500 --- [    Test worker] o.s.t.c.support.AbstractContextLoader    : Could not detect default resource locations for test class [com.kodilla.kodillapatterns2.facade.ShopServiceTestSuite]: no resource found for suffixes {-context.xml, Context.groovy}.
2019-09-02 22:36:16.250  INFO 5500 --- [    Test worker] t.c.s.AnnotationConfigContextLoaderUtils : Could not detect default configuration classes for test class [com.kodilla.kodillapatterns2.facade.ShopServiceTestSuite]: ShopServiceTestSuite does not declare any static, non-private, non-final, nested classes annotated with @Configuration.
2019-09-02 22:36:16.266  INFO 5500 --- [    Test worker] .b.t.c.SpringBootTestContextBootstrapper : Found @SpringBootConfiguration com.kodilla.kodillapatterns2.KodillaPatterns2Application for test class com.kodilla.kodillapatterns2.facade.ShopServiceTestSuite
2019-09-02 22:36:16.266  INFO 5500 --- [    Test worker] .b.t.c.SpringBootTestContextBootstrapper : Loaded default TestExecutionListener class names from location [META-INF/spring.factories]: [org.springframework.boot.test.autoconfigure.restdocs.RestDocsTestExecutionListener, org.springframework.boot.test.autoconfigure.web.client.MockRestServiceServerResetTestExecutionListener, org.springframework.boot.test.autoconfigure.web.servlet.MockMvcPrintOnlyOnFailureTestExecutionListener, org.springframework.boot.test.autoconfigure.web.servlet.WebDriverTestExecutionListener, org.springframework.boot.test.mock.mockito.MockitoTestExecutionListener, org.springframework.boot.test.mock.mockito.ResetMocksTestExecutionListener, org.springframework.test.context.web.ServletTestExecutionListener, org.springframework.test.context.support.DirtiesContextBeforeModesTestExecutionListener, org.springframework.test.context.support.DependencyInjectionTestExecutionListener, org.springframework.test.context.support.DirtiesContextTestExecutionListener, org.springframework.test.context.transaction.TransactionalTestExecutionListener, org.springframework.test.context.jdbc.SqlScriptsTestExecutionListener]
2019-09-02 22:36:16.266  INFO 5500 --- [    Test worker] .b.t.c.SpringBootTestContextBootstrapper : Using TestExecutionListeners: [org.springframework.test.context.support.DirtiesContextBeforeModesTestExecutionListener@292cc72e, org.springframework.boot.test.mock.mockito.MockitoTestExecutionListener@7a27b5ea, org.springframework.boot.test.autoconfigure.SpringBootDependencyInjectionTestExecutionListener@6e72330c, org.springframework.test.context.support.DirtiesContextTestExecutionListener@5b360936, org.springframework.boot.test.autoconfigure.restdocs.RestDocsTestExecutionListener@14eca0c9, org.springframework.boot.test.autoconfigure.web.client.MockRestServiceServerResetTestExecutionListener@53a3df5b, org.springframework.boot.test.autoconfigure.web.servlet.MockMvcPrintOnlyOnFailureTestExecutionListener@2cb66c70, org.springframework.boot.test.autoconfigure.web.servlet.WebDriverTestExecutionListener@4722bf69, org.springframework.boot.test.mock.mockito.ResetMocksTestExecutionListener@3639b5ac]
Registering new order, ID: 1
Adding item: 10, 2 pcs
Adding item: 216, 1 pc
Adding item: 25, 1 pc
Adding item: 100, 2.5 pcs
Adding item: 11, 3 pcs
Item 100 was deleted from order
Order value is: 2022 USD
Payment for order was done
Order is ready to submit
Order submitted - have a nice day!
2019-09-02 22:36:16.266  INFO 5500 --- [    Test worker] c.k.k.facade.aop.WatherFacada            : Class: com.kodilla.kodillapatterns2.facade.api.OrderFacade
2019-09-02 22:36:16.266  INFO 5500 --- [    Test worker] c.k.k.facade.aop.WatherFacada            : Args order: [com.kodilla.kodillapatterns2.facade.api.ItemDto@1ddf4444, com.kodilla.kodillapatterns2.facade.api.ItemDto@504c6e91, com.kodilla.kodillapatterns2.facade.api.ItemDto@110501a0, com.kodilla.kodillapatterns2.facade.api.ItemDto@764895a1]
2019-09-02 22:36:16.266  INFO 5500 --- [    Test worker] c.k.k.facade.aop.WatherFacada            : Args user: 1
2019-09-02 22:36:16.266  INFO 5500 --- [    Test worker] c.k.k.facade.api.OrderFacade             : Registering new order, ID: 2
2019-09-02 22:36:16.266  INFO 5500 --- [    Test worker] c.k.k.facade.api.OrderFacade             : Adding item 10, 2.0 pcs
2019-09-02 22:36:16.266  INFO 5500 --- [    Test worker] c.k.k.facade.api.OrderFacade             : Adding item 216, 1.0 pcs
2019-09-02 22:36:16.266  INFO 5500 --- [    Test worker] c.k.k.facade.api.OrderFacade             : Adding item 25, 1.0 pcs
2019-09-02 22:36:16.266  INFO 5500 --- [    Test worker] c.k.k.facade.api.OrderFacade             : Adding item 11, 3.0 pcs
2019-09-02 22:36:16.282  INFO 5500 --- [    Test worker] c.k.k.facade.api.OrderFacade             : Order value is: 2617 USD
2019-09-02 22:36:16.282  INFO 5500 --- [    Test worker] c.k.k.facade.api.OrderFacade             : Payment for order was done
2019-09-02 22:36:16.282 ERROR 5500 --- [    Test worker] c.k.k.facade.api.OrderFacade             : Verivication error
2019-09-02 22:36:16.282  INFO 5500 --- [    Test worker] c.k.k.facade.api.OrderFacade             : Cancelling order 2
]]></system-out>
  <system-err><![CDATA[]]></system-err>
</testsuite>
