<?xml version="1.0" encoding="UTF-8"?>
<testsuite name="com.kodilla.kodillapatterns2.facade.ShopServiceTestSuite" tests="2" skipped="0" failures="0" errors="0" timestamp="2019-08-26T09:01:58" hostname="DESKTOP-6DHFJAR" time="0.119">
  <properties/>
  <testcase name="testShopServiceSubmitOrder" classname="com.kodilla.kodillapatterns2.facade.ShopServiceTestSuite" time="0.117"/>
  <testcase name="testShopFacade" classname="com.kodilla.kodillapatterns2.facade.ShopServiceTestSuite" time="0.001"/>
  <system-out><![CDATA[11:01:57.682 [Test worker] DEBUG org.springframework.test.context.junit4.SpringJUnit4ClassRunner - SpringJUnit4ClassRunner constructor called with [class com.kodilla.kodillapatterns2.facade.ShopServiceTestSuite]
11:01:57.682 [Test worker] DEBUG org.springframework.test.context.BootstrapUtils - Instantiating CacheAwareContextLoaderDelegate from class [org.springframework.test.context.cache.DefaultCacheAwareContextLoaderDelegate]
11:01:57.682 [Test worker] DEBUG org.springframework.test.context.BootstrapUtils - Instantiating BootstrapContext using constructor [public org.springframework.test.context.support.DefaultBootstrapContext(java.lang.Class,org.springframework.test.context.CacheAwareContextLoaderDelegate)]
11:01:57.697 [Test worker] DEBUG org.springframework.test.context.BootstrapUtils - Instantiating TestContextBootstrapper for test class [com.kodilla.kodillapatterns2.facade.ShopServiceTestSuite] from class [org.springframework.boot.test.context.SpringBootTestContextBootstrapper]
11:01:57.713 [Test worker] INFO org.springframework.boot.test.context.SpringBootTestContextBootstrapper - Neither @ContextConfiguration nor @ContextHierarchy found for test class [com.kodilla.kodillapatterns2.facade.ShopServiceTestSuite], using SpringBootContextLoader
11:01:57.713 [Test worker] DEBUG org.springframework.test.context.support.AbstractContextLoader - Did not detect default resource location for test class [com.kodilla.kodillapatterns2.facade.ShopServiceTestSuite]: class path resource [com/kodilla/kodillapatterns2/facade/ShopServiceTestSuite-context.xml] does not exist
11:01:57.713 [Test worker] DEBUG org.springframework.test.context.support.AbstractContextLoader - Did not detect default resource location for test class [com.kodilla.kodillapatterns2.facade.ShopServiceTestSuite]: class path resource [com/kodilla/kodillapatterns2/facade/ShopServiceTestSuiteContext.groovy] does not exist
11:01:57.713 [Test worker] INFO org.springframework.test.context.support.AbstractContextLoader - Could not detect default resource locations for test class [com.kodilla.kodillapatterns2.facade.ShopServiceTestSuite]: no resource found for suffixes {-context.xml, Context.groovy}.
11:01:57.713 [Test worker] INFO org.springframework.test.context.support.AnnotationConfigContextLoaderUtils - Could not detect default configuration classes for test class [com.kodilla.kodillapatterns2.facade.ShopServiceTestSuite]: ShopServiceTestSuite does not declare any static, non-private, non-final, nested classes annotated with @Configuration.
11:01:57.729 [Test worker] DEBUG org.springframework.test.context.support.ActiveProfilesUtils - Could not find an 'annotation declaring class' for annotation type [org.springframework.test.context.ActiveProfiles] and class [com.kodilla.kodillapatterns2.facade.ShopServiceTestSuite]
11:01:57.775 [Test worker] DEBUG org.springframework.context.annotation.ClassPathScanningCandidateComponentProvider - Identified candidate component class: file [D:\Projects\IdeaProjects\kodilla-course4\kodilla-patterns2\build\classes\java\main\com\kodilla\kodillapatterns2\KodillaPatterns2Application.class]
11:01:57.775 [Test worker] INFO org.springframework.boot.test.context.SpringBootTestContextBootstrapper - Found @SpringBootConfiguration com.kodilla.kodillapatterns2.KodillaPatterns2Application for test class com.kodilla.kodillapatterns2.facade.ShopServiceTestSuite
11:01:57.838 [Test worker] DEBUG org.springframework.boot.test.context.SpringBootTestContextBootstrapper - @TestExecutionListeners is not present for class [com.kodilla.kodillapatterns2.facade.ShopServiceTestSuite]: using defaults.
11:01:57.838 [Test worker] INFO org.springframework.boot.test.context.SpringBootTestContextBootstrapper - Loaded default TestExecutionListener class names from location [META-INF/spring.factories]: [org.springframework.boot.test.autoconfigure.restdocs.RestDocsTestExecutionListener, org.springframework.boot.test.autoconfigure.web.client.MockRestServiceServerResetTestExecutionListener, org.springframework.boot.test.autoconfigure.web.servlet.MockMvcPrintOnlyOnFailureTestExecutionListener, org.springframework.boot.test.autoconfigure.web.servlet.WebDriverTestExecutionListener, org.springframework.boot.test.mock.mockito.MockitoTestExecutionListener, org.springframework.boot.test.mock.mockito.ResetMocksTestExecutionListener, org.springframework.test.context.web.ServletTestExecutionListener, org.springframework.test.context.support.DirtiesContextBeforeModesTestExecutionListener, org.springframework.test.context.support.DependencyInjectionTestExecutionListener, org.springframework.test.context.support.DirtiesContextTestExecutionListener, org.springframework.test.context.transaction.TransactionalTestExecutionListener, org.springframework.test.context.jdbc.SqlScriptsTestExecutionListener]
11:01:57.854 [Test worker] DEBUG org.springframework.boot.test.context.SpringBootTestContextBootstrapper - Skipping candidate TestExecutionListener [org.springframework.test.context.web.ServletTestExecutionListener] due to a missing dependency. Specify custom listener classes or make the default listener classes and their required dependencies available. Offending class: [javax/servlet/ServletContext]
11:01:57.854 [Test worker] DEBUG org.springframework.boot.test.context.SpringBootTestContextBootstrapper - Skipping candidate TestExecutionListener [org.springframework.test.context.transaction.TransactionalTestExecutionListener] due to a missing dependency. Specify custom listener classes or make the default listener classes and their required dependencies available. Offending class: [org/springframework/transaction/interceptor/TransactionAttributeSource]
11:01:57.854 [Test worker] DEBUG org.springframework.boot.test.context.SpringBootTestContextBootstrapper - Skipping candidate TestExecutionListener [org.springframework.test.context.jdbc.SqlScriptsTestExecutionListener] due to a missing dependency. Specify custom listener classes or make the default listener classes and their required dependencies available. Offending class: [org/springframework/transaction/interceptor/TransactionAttribute]
11:01:57.854 [Test worker] INFO org.springframework.boot.test.context.SpringBootTestContextBootstrapper - Using TestExecutionListeners: [org.springframework.test.context.support.DirtiesContextBeforeModesTestExecutionListener@5bbaa4a9, org.springframework.boot.test.mock.mockito.MockitoTestExecutionListener@7ece095d, org.springframework.boot.test.autoconfigure.SpringBootDependencyInjectionTestExecutionListener@10f43076, org.springframework.test.context.support.DirtiesContextTestExecutionListener@3385de67, org.springframework.boot.test.autoconfigure.restdocs.RestDocsTestExecutionListener@3d94ab52, org.springframework.boot.test.autoconfigure.web.client.MockRestServiceServerResetTestExecutionListener@339ed95c, org.springframework.boot.test.autoconfigure.web.servlet.MockMvcPrintOnlyOnFailureTestExecutionListener@25828d9, org.springframework.boot.test.autoconfigure.web.servlet.WebDriverTestExecutionListener@1f33a813, org.springframework.boot.test.mock.mockito.ResetMocksTestExecutionListener@7e54e9c]
11:01:57.854 [Test worker] DEBUG org.springframework.test.annotation.ProfileValueUtils - Retrieved @ProfileValueSourceConfiguration [null] for test class [com.kodilla.kodillapatterns2.facade.ShopServiceTestSuite]
11:01:57.854 [Test worker] DEBUG org.springframework.test.annotation.ProfileValueUtils - Retrieved ProfileValueSource type [class org.springframework.test.annotation.SystemProfileValueSource] for class [com.kodilla.kodillapatterns2.facade.ShopServiceTestSuite]
11:01:57.854 [Test worker] DEBUG org.springframework.test.annotation.ProfileValueUtils - Retrieved @ProfileValueSourceConfiguration [null] for test class [com.kodilla.kodillapatterns2.facade.ShopServiceTestSuite]
11:01:57.854 [Test worker] DEBUG org.springframework.test.annotation.ProfileValueUtils - Retrieved ProfileValueSource type [class org.springframework.test.annotation.SystemProfileValueSource] for class [com.kodilla.kodillapatterns2.facade.ShopServiceTestSuite]
11:01:57.854 [Test worker] DEBUG org.springframework.test.context.support.AbstractDirtiesContextTestExecutionListener - Before test class: context [DefaultTestContext@64adc3a7 testClass = ShopServiceTestSuite, testInstance = [null], testMethod = [null], testException = [null], mergedContextConfiguration = [MergedContextConfiguration@33fcdba0 testClass = ShopServiceTestSuite, locations = '{}', classes = '{class com.kodilla.kodillapatterns2.KodillaPatterns2Application}', contextInitializerClasses = '[]', activeProfiles = '{}', propertySourceLocations = '{}', propertySourceProperties = '{org.springframework.boot.test.context.SpringBootTestContextBootstrapper=true}', contextCustomizers = set[org.springframework.boot.test.autoconfigure.properties.PropertyMappingContextCustomizer@0, org.springframework.boot.test.autoconfigure.web.servlet.WebDriverContextCustomizerFactory$Customizer@4200b08b, org.springframework.boot.test.context.filter.ExcludeFilterContextCustomizer@4dd1541b, org.springframework.boot.test.json.DuplicateJsonObjectContextCustomizerFactory$DuplicateJsonObjectContextCustomizer@7627a72c, org.springframework.boot.test.mock.mockito.MockitoContextCustomizer@0, org.springframework.boot.test.web.client.TestRestTemplateContextCustomizer@4cb65c73], contextLoader = 'org.springframework.boot.test.context.SpringBootContextLoader', parent = [null]], attributes = map[[empty]]], class annotated with @DirtiesContext [false] with mode [null].
11:01:57.854 [Test worker] DEBUG org.springframework.test.annotation.ProfileValueUtils - Retrieved @ProfileValueSourceConfiguration [null] for test class [com.kodilla.kodillapatterns2.facade.ShopServiceTestSuite]
11:01:57.854 [Test worker] DEBUG org.springframework.test.annotation.ProfileValueUtils - Retrieved ProfileValueSource type [class org.springframework.test.annotation.SystemProfileValueSource] for class [com.kodilla.kodillapatterns2.facade.ShopServiceTestSuite]
11:01:57.854 [Test worker] DEBUG org.springframework.test.context.support.DependencyInjectionTestExecutionListener - Performing dependency injection for test context [[DefaultTestContext@64adc3a7 testClass = ShopServiceTestSuite, testInstance = com.kodilla.kodillapatterns2.facade.ShopServiceTestSuite@1cb8a22f, testMethod = [null], testException = [null], mergedContextConfiguration = [MergedContextConfiguration@33fcdba0 testClass = ShopServiceTestSuite, locations = '{}', classes = '{class com.kodilla.kodillapatterns2.KodillaPatterns2Application}', contextInitializerClasses = '[]', activeProfiles = '{}', propertySourceLocations = '{}', propertySourceProperties = '{org.springframework.boot.test.context.SpringBootTestContextBootstrapper=true}', contextCustomizers = set[org.springframework.boot.test.autoconfigure.properties.PropertyMappingContextCustomizer@0, org.springframework.boot.test.autoconfigure.web.servlet.WebDriverContextCustomizerFactory$Customizer@4200b08b, org.springframework.boot.test.context.filter.ExcludeFilterContextCustomizer@4dd1541b, org.springframework.boot.test.json.DuplicateJsonObjectContextCustomizerFactory$DuplicateJsonObjectContextCustomizer@7627a72c, org.springframework.boot.test.mock.mockito.MockitoContextCustomizer@0, org.springframework.boot.test.web.client.TestRestTemplateContextCustomizer@4cb65c73], contextLoader = 'org.springframework.boot.test.context.SpringBootContextLoader', parent = [null]], attributes = map[[empty]]]].
11:01:57.869 [Test worker] DEBUG org.springframework.test.context.support.TestPropertySourceUtils - Adding inlined properties to environment: {spring.jmx.enabled=false, org.springframework.boot.test.context.SpringBootTestContextBootstrapper=true, server.port=-1}

  .   ____          _            __ _ _
 /\\ / ___'_ __ _ _(_)_ __  __ _ \ \ \ \
( ( )\___ | '_ | '_| | '_ \/ _` | \ \ \ \
 \\/  ___)| |_)| | | | | || (_| |  ) ) ) )
  '  |____| .__|_| |_|_| |_\__, | / / / /
 =========|_|==============|___/=/_/_/_/
 :: Spring Boot ::        (v2.1.7.RELEASE)

2019-08-26 11:01:58.010  INFO 7536 --- [    Test worker] c.k.k.facade.ShopServiceTestSuite        : Starting ShopServiceTestSuite on DESKTOP-6DHFJAR with PID 7536 (started by Piotr in D:\Projects\IdeaProjects\kodilla-course4\kodilla-patterns2)
2019-08-26 11:01:58.010  INFO 7536 --- [    Test worker] c.k.k.facade.ShopServiceTestSuite        : No active profile set, falling back to default profiles: default
2019-08-26 11:01:58.275  INFO 7536 --- [    Test worker] c.k.k.facade.ShopServiceTestSuite        : Started ShopServiceTestSuite in 0.406 seconds (JVM running for 1.008)
Registering new order, ID: 1
Adding item: 10, 2 pcs
Adding item: 216, 1 pc
Adding item: 25, 1 pc
Adding item: 100, 2.5 pcs
Adding item: 11, 3 pcs
Item 100 was deleted from order
Order value is: 4658 USD
Payment for order was done
Order cannot be submitted
Order not submitted - cancelling
Order is cancelled
2019-08-26 11:01:58.400  INFO 7536 --- [    Test worker] c.k.k.facade.api.OrderFacade             : Registering new order, ID: -1
2019-08-26 11:01:58.400 ERROR 7536 --- [    Test worker] c.k.k.facade.api.OrderFacade             : User is not authorised
]]></system-out>
  <system-err><![CDATA[]]></system-err>
</testsuite>
