<?xml version="1.0" encoding="UTF-8"?>
<testsuite name="com.kodilla.kodillapatterns2.adapter.company.SalaryAdapterTestSuit" tests="1" skipped="0" failures="0" errors="0" timestamp="2019-09-05T09:37:40" hostname="DESKTOP-6DHFJAR" time="0.003">
  <properties/>
  <testcase name="testTotalSalary" classname="com.kodilla.kodillapatterns2.adapter.company.SalaryAdapterTestSuit" time="0.003"/>
  <system-out><![CDATA[Employee{peselId='67032906720', firstname='John', lastname='Smith', baseSalary=4500}
Employee{peselId='62081612187', firstname='Ivone', lastname='Novak', baseSalary=3700}
Employee{peselId='75021310799', firstname='Jessie', lastname='Pinkman', baseSalary=4350}
Employee{peselId='75012200766', firstname='Walter', lastname='White', baseSalary=9000}
Employee{peselId='75073006831', firstname='Clara', lastname='Lanson', baseSalary=6200}
27750.0
]]></system-out>
  <system-err><![CDATA[]]></system-err>
</testsuite>
