<?xml version="1.0" encoding="UTF-8"?>
<testsuite name="com.kodilla.kodillapatterns2.KodillaPatterns2ApplicationTests" tests="1" skipped="0" failures="0" errors="0" timestamp="2019-08-26T09:01:58" hostname="DESKTOP-6DHFJAR" time="0.0">
  <properties/>
  <testcase name="contextLoads" classname="com.kodilla.kodillapatterns2.KodillaPatterns2ApplicationTests" time="0.0"/>
  <system-out><![CDATA[2019-08-26 11:01:58.400  INFO 7536 --- [    Test worker] .b.t.c.SpringBootTestContextBootstrapper : Neither @ContextConfiguration nor @ContextHierarchy found for test class [com.kodilla.kodillapatterns2.KodillaPatterns2ApplicationTests], using SpringBootContextLoader
2019-08-26 11:01:58.400  INFO 7536 --- [    Test worker] o.s.t.c.support.AbstractContextLoader    : Could not detect default resource locations for test class [com.kodilla.kodillapatterns2.KodillaPatterns2ApplicationTests]: no resource found for suffixes {-context.xml, Context.groovy}.
2019-08-26 11:01:58.400  INFO 7536 --- [    Test worker] t.c.s.AnnotationConfigContextLoaderUtils : Could not detect default configuration classes for test class [com.kodilla.kodillapatterns2.KodillaPatterns2ApplicationTests]: KodillaPatterns2ApplicationTests does not declare any static, non-private, non-final, nested classes annotated with @Configuration.
2019-08-26 11:01:58.416  INFO 7536 --- [    Test worker] .b.t.c.SpringBootTestContextBootstrapper : Found @SpringBootConfiguration com.kodilla.kodillapatterns2.KodillaPatterns2Application for test class com.kodilla.kodillapatterns2.KodillaPatterns2ApplicationTests
2019-08-26 11:01:58.416  INFO 7536 --- [    Test worker] .b.t.c.SpringBootTestContextBootstrapper : Loaded default TestExecutionListener class names from location [META-INF/spring.factories]: [org.springframework.boot.test.autoconfigure.restdocs.RestDocsTestExecutionListener, org.springframework.boot.test.autoconfigure.web.client.MockRestServiceServerResetTestExecutionListener, org.springframework.boot.test.autoconfigure.web.servlet.MockMvcPrintOnlyOnFailureTestExecutionListener, org.springframework.boot.test.autoconfigure.web.servlet.WebDriverTestExecutionListener, org.springframework.boot.test.mock.mockito.MockitoTestExecutionListener, org.springframework.boot.test.mock.mockito.ResetMocksTestExecutionListener, org.springframework.test.context.web.ServletTestExecutionListener, org.springframework.test.context.support.DirtiesContextBeforeModesTestExecutionListener, org.springframework.test.context.support.DependencyInjectionTestExecutionListener, org.springframework.test.context.support.DirtiesContextTestExecutionListener, org.springframework.test.context.transaction.TransactionalTestExecutionListener, org.springframework.test.context.jdbc.SqlScriptsTestExecutionListener]
2019-08-26 11:01:58.416  INFO 7536 --- [    Test worker] .b.t.c.SpringBootTestContextBootstrapper : Using TestExecutionListeners: [org.springframework.test.context.support.DirtiesContextBeforeModesTestExecutionListener@a861bd7, org.springframework.boot.test.mock.mockito.MockitoTestExecutionListener@50fd3d7d, org.springframework.boot.test.autoconfigure.SpringBootDependencyInjectionTestExecutionListener@25cc4672, org.springframework.test.context.support.DirtiesContextTestExecutionListener@5a60c724, org.springframework.boot.test.autoconfigure.restdocs.RestDocsTestExecutionListener@6002271c, org.springframework.boot.test.autoconfigure.web.client.MockRestServiceServerResetTestExecutionListener@592df8b4, org.springframework.boot.test.autoconfigure.web.servlet.MockMvcPrintOnlyOnFailureTestExecutionListener@1e15ca35, org.springframework.boot.test.autoconfigure.web.servlet.WebDriverTestExecutionListener@42907734, org.springframework.boot.test.mock.mockito.ResetMocksTestExecutionListener@335b92bd]
]]></system-out>
  <system-err><![CDATA[]]></system-err>
</testsuite>
