<?xml version="1.0" encoding="UTF-8"?>
<testsuite name="com.kodilla.kodillapatterns2.aop.calculator.CalculatorTestSuit" tests="6" skipped="0" failures="0" errors="0" timestamp="2019-09-09T17:05:02" hostname="DESKTOP-6DHFJAR" time="0.168">
  <properties/>
  <testcase name="testAdd" classname="com.kodilla.kodillapatterns2.aop.calculator.CalculatorTestSuit" time="0.151"/>
  <testcase name="testDiv" classname="com.kodilla.kodillapatterns2.aop.calculator.CalculatorTestSuit" time="0.001"/>
  <testcase name="testMul" classname="com.kodilla.kodillapatterns2.aop.calculator.CalculatorTestSuit" time="0.001"/>
  <testcase name="testSub" classname="com.kodilla.kodillapatterns2.aop.calculator.CalculatorTestSuit" time="0.001"/>
  <testcase name="testFactorialTwo" classname="com.kodilla.kodillapatterns2.aop.calculator.CalculatorTestSuit" time="0.005"/>
  <testcase name="testFactorial" classname="com.kodilla.kodillapatterns2.aop.calculator.CalculatorTestSuit" time="0.007"/>
  <system-out><![CDATA[19:05:01.921 [Test worker] DEBUG org.springframework.test.context.junit4.SpringJUnit4ClassRunner - SpringJUnit4ClassRunner constructor called with [class com.kodilla.kodillapatterns2.aop.calculator.CalculatorTestSuit]
19:05:01.924 [Test worker] DEBUG org.springframework.test.context.BootstrapUtils - Instantiating CacheAwareContextLoaderDelegate from class [org.springframework.test.context.cache.DefaultCacheAwareContextLoaderDelegate]
19:05:01.929 [Test worker] DEBUG org.springframework.test.context.BootstrapUtils - Instantiating BootstrapContext using constructor [public org.springframework.test.context.support.DefaultBootstrapContext(java.lang.Class,org.springframework.test.context.CacheAwareContextLoaderDelegate)]
19:05:01.941 [Test worker] DEBUG org.springframework.test.context.BootstrapUtils - Instantiating TestContextBootstrapper for test class [com.kodilla.kodillapatterns2.aop.calculator.CalculatorTestSuit] from class [org.springframework.boot.test.context.SpringBootTestContextBootstrapper]
19:05:01.950 [Test worker] INFO org.springframework.boot.test.context.SpringBootTestContextBootstrapper - Neither @ContextConfiguration nor @ContextHierarchy found for test class [com.kodilla.kodillapatterns2.aop.calculator.CalculatorTestSuit], using SpringBootContextLoader
19:05:01.952 [Test worker] DEBUG org.springframework.test.context.support.AbstractContextLoader - Did not detect default resource location for test class [com.kodilla.kodillapatterns2.aop.calculator.CalculatorTestSuit]: class path resource [com/kodilla/kodillapatterns2/aop/calculator/CalculatorTestSuit-context.xml] does not exist
19:05:01.952 [Test worker] DEBUG org.springframework.test.context.support.AbstractContextLoader - Did not detect default resource location for test class [com.kodilla.kodillapatterns2.aop.calculator.CalculatorTestSuit]: class path resource [com/kodilla/kodillapatterns2/aop/calculator/CalculatorTestSuitContext.groovy] does not exist
19:05:01.952 [Test worker] INFO org.springframework.test.context.support.AbstractContextLoader - Could not detect default resource locations for test class [com.kodilla.kodillapatterns2.aop.calculator.CalculatorTestSuit]: no resource found for suffixes {-context.xml, Context.groovy}.
19:05:01.952 [Test worker] INFO org.springframework.test.context.support.AnnotationConfigContextLoaderUtils - Could not detect default configuration classes for test class [com.kodilla.kodillapatterns2.aop.calculator.CalculatorTestSuit]: CalculatorTestSuit does not declare any static, non-private, non-final, nested classes annotated with @Configuration.
19:05:01.977 [Test worker] DEBUG org.springframework.test.context.support.ActiveProfilesUtils - Could not find an 'annotation declaring class' for annotation type [org.springframework.test.context.ActiveProfiles] and class [com.kodilla.kodillapatterns2.aop.calculator.CalculatorTestSuit]
19:05:02.026 [Test worker] DEBUG org.springframework.context.annotation.ClassPathScanningCandidateComponentProvider - Identified candidate component class: file [D:\Projects\IdeaProjects\kodilla-course4\kodilla-patterns2\build\classes\java\main\com\kodilla\kodillapatterns2\KodillaPatterns2Application.class]
19:05:02.027 [Test worker] INFO org.springframework.boot.test.context.SpringBootTestContextBootstrapper - Found @SpringBootConfiguration com.kodilla.kodillapatterns2.KodillaPatterns2Application for test class com.kodilla.kodillapatterns2.aop.calculator.CalculatorTestSuit
19:05:02.089 [Test worker] DEBUG org.springframework.boot.test.context.SpringBootTestContextBootstrapper - @TestExecutionListeners is not present for class [com.kodilla.kodillapatterns2.aop.calculator.CalculatorTestSuit]: using defaults.
19:05:02.089 [Test worker] INFO org.springframework.boot.test.context.SpringBootTestContextBootstrapper - Loaded default TestExecutionListener class names from location [META-INF/spring.factories]: [org.springframework.boot.test.autoconfigure.restdocs.RestDocsTestExecutionListener, org.springframework.boot.test.autoconfigure.web.client.MockRestServiceServerResetTestExecutionListener, org.springframework.boot.test.autoconfigure.web.servlet.MockMvcPrintOnlyOnFailureTestExecutionListener, org.springframework.boot.test.autoconfigure.web.servlet.WebDriverTestExecutionListener, org.springframework.boot.test.mock.mockito.MockitoTestExecutionListener, org.springframework.boot.test.mock.mockito.ResetMocksTestExecutionListener, org.springframework.test.context.web.ServletTestExecutionListener, org.springframework.test.context.support.DirtiesContextBeforeModesTestExecutionListener, org.springframework.test.context.support.DependencyInjectionTestExecutionListener, org.springframework.test.context.support.DirtiesContextTestExecutionListener, org.springframework.test.context.transaction.TransactionalTestExecutionListener, org.springframework.test.context.jdbc.SqlScriptsTestExecutionListener]
19:05:02.095 [Test worker] DEBUG org.springframework.boot.test.context.SpringBootTestContextBootstrapper - Skipping candidate TestExecutionListener [org.springframework.test.context.web.ServletTestExecutionListener] due to a missing dependency. Specify custom listener classes or make the default listener classes and their required dependencies available. Offending class: [javax/servlet/ServletContext]
19:05:02.096 [Test worker] DEBUG org.springframework.boot.test.context.SpringBootTestContextBootstrapper - Skipping candidate TestExecutionListener [org.springframework.test.context.transaction.TransactionalTestExecutionListener] due to a missing dependency. Specify custom listener classes or make the default listener classes and their required dependencies available. Offending class: [org/springframework/transaction/interceptor/TransactionAttributeSource]
19:05:02.097 [Test worker] DEBUG org.springframework.boot.test.context.SpringBootTestContextBootstrapper - Skipping candidate TestExecutionListener [org.springframework.test.context.jdbc.SqlScriptsTestExecutionListener] due to a missing dependency. Specify custom listener classes or make the default listener classes and their required dependencies available. Offending class: [org/springframework/transaction/interceptor/TransactionAttribute]
19:05:02.097 [Test worker] INFO org.springframework.boot.test.context.SpringBootTestContextBootstrapper - Using TestExecutionListeners: [org.springframework.test.context.support.DirtiesContextBeforeModesTestExecutionListener@5795edc4, org.springframework.boot.test.mock.mockito.MockitoTestExecutionListener@5ae09ec8, org.springframework.boot.test.autoconfigure.SpringBootDependencyInjectionTestExecutionListener@24414440, org.springframework.test.context.support.DirtiesContextTestExecutionListener@71968097, org.springframework.boot.test.autoconfigure.restdocs.RestDocsTestExecutionListener@995a8ac, org.springframework.boot.test.autoconfigure.web.client.MockRestServiceServerResetTestExecutionListener@575d6188, org.springframework.boot.test.autoconfigure.web.servlet.MockMvcPrintOnlyOnFailureTestExecutionListener@79105c67, org.springframework.boot.test.autoconfigure.web.servlet.WebDriverTestExecutionListener@3cc7e9ea, org.springframework.boot.test.mock.mockito.ResetMocksTestExecutionListener@18b3e616]
19:05:02.098 [Test worker] DEBUG org.springframework.test.annotation.ProfileValueUtils - Retrieved @ProfileValueSourceConfiguration [null] for test class [com.kodilla.kodillapatterns2.aop.calculator.CalculatorTestSuit]
19:05:02.098 [Test worker] DEBUG org.springframework.test.annotation.ProfileValueUtils - Retrieved ProfileValueSource type [class org.springframework.test.annotation.SystemProfileValueSource] for class [com.kodilla.kodillapatterns2.aop.calculator.CalculatorTestSuit]
19:05:02.099 [Test worker] DEBUG org.springframework.test.annotation.ProfileValueUtils - Retrieved @ProfileValueSourceConfiguration [null] for test class [com.kodilla.kodillapatterns2.aop.calculator.CalculatorTestSuit]
19:05:02.099 [Test worker] DEBUG org.springframework.test.annotation.ProfileValueUtils - Retrieved ProfileValueSource type [class org.springframework.test.annotation.SystemProfileValueSource] for class [com.kodilla.kodillapatterns2.aop.calculator.CalculatorTestSuit]
19:05:02.101 [Test worker] DEBUG org.springframework.test.context.support.AbstractDirtiesContextTestExecutionListener - Before test class: context [DefaultTestContext@1652f0c1 testClass = CalculatorTestSuit, testInstance = [null], testMethod = [null], testException = [null], mergedContextConfiguration = [MergedContextConfiguration@2060edba testClass = CalculatorTestSuit, locations = '{}', classes = '{class com.kodilla.kodillapatterns2.KodillaPatterns2Application}', contextInitializerClasses = '[]', activeProfiles = '{}', propertySourceLocations = '{}', propertySourceProperties = '{org.springframework.boot.test.context.SpringBootTestContextBootstrapper=true}', contextCustomizers = set[org.springframework.boot.test.autoconfigure.properties.PropertyMappingContextCustomizer@0, org.springframework.boot.test.autoconfigure.web.servlet.WebDriverContextCustomizerFactory$Customizer@8934168, org.springframework.boot.test.context.filter.ExcludeFilterContextCustomizer@4cb65c73, org.springframework.boot.test.json.DuplicateJsonObjectContextCustomizerFactory$DuplicateJsonObjectContextCustomizer@2835d891, org.springframework.boot.test.mock.mockito.MockitoContextCustomizer@0, org.springframework.boot.test.web.client.TestRestTemplateContextCustomizer@10a5ccdb], contextLoader = 'org.springframework.boot.test.context.SpringBootContextLoader', parent = [null]], attributes = map[[empty]]], class annotated with @DirtiesContext [false] with mode [null].
19:05:02.102 [Test worker] DEBUG org.springframework.test.annotation.ProfileValueUtils - Retrieved @ProfileValueSourceConfiguration [null] for test class [com.kodilla.kodillapatterns2.aop.calculator.CalculatorTestSuit]
19:05:02.102 [Test worker] DEBUG org.springframework.test.annotation.ProfileValueUtils - Retrieved ProfileValueSource type [class org.springframework.test.annotation.SystemProfileValueSource] for class [com.kodilla.kodillapatterns2.aop.calculator.CalculatorTestSuit]
19:05:02.104 [Test worker] DEBUG org.springframework.test.context.support.DependencyInjectionTestExecutionListener - Performing dependency injection for test context [[DefaultTestContext@1652f0c1 testClass = CalculatorTestSuit, testInstance = com.kodilla.kodillapatterns2.aop.calculator.CalculatorTestSuit@2a71c899, testMethod = [null], testException = [null], mergedContextConfiguration = [MergedContextConfiguration@2060edba testClass = CalculatorTestSuit, locations = '{}', classes = '{class com.kodilla.kodillapatterns2.KodillaPatterns2Application}', contextInitializerClasses = '[]', activeProfiles = '{}', propertySourceLocations = '{}', propertySourceProperties = '{org.springframework.boot.test.context.SpringBootTestContextBootstrapper=true}', contextCustomizers = set[org.springframework.boot.test.autoconfigure.properties.PropertyMappingContextCustomizer@0, org.springframework.boot.test.autoconfigure.web.servlet.WebDriverContextCustomizerFactory$Customizer@8934168, org.springframework.boot.test.context.filter.ExcludeFilterContextCustomizer@4cb65c73, org.springframework.boot.test.json.DuplicateJsonObjectContextCustomizerFactory$DuplicateJsonObjectContextCustomizer@2835d891, org.springframework.boot.test.mock.mockito.MockitoContextCustomizer@0, org.springframework.boot.test.web.client.TestRestTemplateContextCustomizer@10a5ccdb], contextLoader = 'org.springframework.boot.test.context.SpringBootContextLoader', parent = [null]], attributes = map[[empty]]]].
19:05:02.118 [Test worker] DEBUG org.springframework.test.context.support.TestPropertySourceUtils - Adding inlined properties to environment: {spring.jmx.enabled=false, org.springframework.boot.test.context.SpringBootTestContextBootstrapper=true, server.port=-1}

  .   ____          _            __ _ _
 /\\ / ___'_ __ _ _(_)_ __  __ _ \ \ \ \
( ( )\___ | '_ | '_| | '_ \/ _` | \ \ \ \
 \\/  ___)| |_)| | | | | || (_| |  ) ) ) )
  '  |____| .__|_| |_|_| |_\__, | / / / /
 =========|_|==============|___/=/_/_/_/
 :: Spring Boot ::        (v2.1.7.RELEASE)

2019-09-09 19:05:02.256  INFO 32 --- [    Test worker] c.k.k.aop.calculator.CalculatorTestSuit  : Starting CalculatorTestSuit on DESKTOP-6DHFJAR with PID 32 (started by Piotr in D:\Projects\IdeaProjects\kodilla-course4\kodilla-patterns2)
2019-09-09 19:05:02.257  INFO 32 --- [    Test worker] c.k.k.aop.calculator.CalculatorTestSuit  : No active profile set, falling back to default profiles: default
2019-09-09 19:05:02.714  INFO 32 --- [    Test worker] c.k.k.aop.calculator.CalculatorTestSuit  : Started CalculatorTestSuit in 0.595 seconds (JVM running for 1.223)
2019-09-09 19:05:02.865  INFO 32 --- [    Test worker] c.k.k.aop.calculator.CalculatorTestSuit  : Testing add method
2019-09-09 19:05:02.868  INFO 32 --- [    Test worker] c.k.k.aop.calculator.CalculatorTestSuit  : Testing div method
2019-09-09 19:05:02.869  INFO 32 --- [    Test worker] c.k.k.aop.calculator.CalculatorTestSuit  : Testing mul method
2019-09-09 19:05:02.870  INFO 32 --- [    Test worker] c.k.k.aop.calculator.CalculatorTestSuit  : Testing sub method
2019-09-09 19:05:02.875  INFO 32 --- [    Test worker] c.k.k.aop.calculator.Watcher             : Class: com.kodilla.kodillapatterns2.aop.calculator.Calculator, Args: 7
2019-09-09 19:05:02.875  INFO 32 --- [    Test worker] c.k.k.aop.calculator.Watcher             : Time consumed: 2[ms}
2019-09-09 19:05:02.875  INFO 32 --- [    Test worker] c.k.k.aop.calculator.CalculatorTestSuit  : Second test of factorial method
5040
2019-09-09 19:05:02.878  INFO 32 --- [    Test worker] c.k.k.aop.calculator.Watcher             : Class: com.kodilla.kodillapatterns2.aop.calculator.Calculator, Args: 1000
2019-09-09 19:05:02.880  INFO 32 --- [    Test worker] c.k.k.aop.calculator.Watcher             : Time consumed: 2[ms}
2019-09-09 19:05:02.880  INFO 32 --- [    Test worker] c.k.k.aop.calculator.CalculatorTestSuit  : Testing factorial method
402387260077093773543702433923003985719374864210714632543799910429938512398629020592044208486969404800479988610197196058631666872994808558901323829669944590997424504087073759918823627727188732519779505950995276120874975462497043601418278094646496291056393887437886487337119181045825783647849977012476632889835955735432513185323958463075557409114262417474349347553428646576611667797396668820291207379143853719588249808126867838374559731746136085379534524221586593201928090878297308431392844403281231558611036976801357304216168747609675871348312025478589320767169132448426236131412508780208000261683151027341827977704784635868170164365024153691398281264810213092761244896359928705114964975419909342221566832572080821333186116811553615836546984046708975602900950537616475847728421889679646244945160765353408198901385442487984959953319101723355556602139450399736280750137837615307127761926849034352625200015888535147331611702103968175921510907788019393178114194545257223865541461062892187960223838971476088506276862967146674697562911234082439208160153780889893964518263243671616762179168909779911903754031274622289988005195444414282012187361745992642956581746628302955570299024324153181617210465832036786906117260158783520751516284225540265170483304226143974286933061690897968482590125458327168226458066526769958652682272807075781391858178889652208164348344825993266043367660176999612831860788386150279465955131156552036093988180612138558600301435694527224206344631797460594682573103790084024432438465657245014402821885252470935190620929023136493273497565513958720559654228749774011413346962715422845862377387538230483865688976461927383814900140767310446640259899490222221765904339901886018566526485061799702356193897017860040811889729918311021171229845901641921068884387121855646124960798722908519296819372388642614839657382291123125024186649353143970137428531926649875337218940694281434118520158014123344828015051399694290153483077644569099073152433278288269864602789864321139083506217095002597389863554277196742822248757586765752344220207573630569498825087968928162753848863396909959826280956121450994871701244516461260379029309120889086942028510640182154399457156805941872748998094254742173582401063677404595741785160829230135358081840096996372524230560855903700624271243416909004153690105933983835777939410970027753472000000000000000000000000000000000000000000000000000000000000000000000000000000000000000000000000000000000000000000000000000000000000000000000000000000000000000000000000000000000000000000000000000000000000000000000000000000000000000000000000000000000
]]></system-out>
  <system-err><![CDATA[]]></system-err>
</testsuite>
