<?xml version="1.0" encoding="UTF-8"?>
<testsuite name="com.kodilla.kodillapatterns2.facade.ShopServiceTestSuite" tests="2" skipped="0" failures="0" errors="0" timestamp="2019-09-02T11:24:02" hostname="DESKTOP-6DHFJAR" time="0.011">
  <properties/>
  <testcase name="testShopServiceSubmitOrder" classname="com.kodilla.kodillapatterns2.facade.ShopServiceTestSuite" time="0.005"/>
  <testcase name="testShopFacade" classname="com.kodilla.kodillapatterns2.facade.ShopServiceTestSuite" time="0.006"/>
  <system-out><![CDATA[2019-09-02 13:24:02.154  INFO 7240 --- [    Test worker] .b.t.c.SpringBootTestContextBootstrapper : Neither @ContextConfiguration nor @ContextHierarchy found for test class [com.kodilla.kodillapatterns2.facade.ShopServiceTestSuite], using SpringBootContextLoader
2019-09-02 13:24:02.154  INFO 7240 --- [    Test worker] o.s.t.c.support.AbstractContextLoader    : Could not detect default resource locations for test class [com.kodilla.kodillapatterns2.facade.ShopServiceTestSuite]: no resource found for suffixes {-context.xml, Context.groovy}.
2019-09-02 13:24:02.154  INFO 7240 --- [    Test worker] t.c.s.AnnotationConfigContextLoaderUtils : Could not detect default configuration classes for test class [com.kodilla.kodillapatterns2.facade.ShopServiceTestSuite]: ShopServiceTestSuite does not declare any static, non-private, non-final, nested classes annotated with @Configuration.
2019-09-02 13:24:02.154  INFO 7240 --- [    Test worker] .b.t.c.SpringBootTestContextBootstrapper : Found @SpringBootConfiguration com.kodilla.kodillapatterns2.KodillaPatterns2Application for test class com.kodilla.kodillapatterns2.facade.ShopServiceTestSuite
2019-09-02 13:24:02.154  INFO 7240 --- [    Test worker] .b.t.c.SpringBootTestContextBootstrapper : Loaded default TestExecutionListener class names from location [META-INF/spring.factories]: [org.springframework.boot.test.autoconfigure.restdocs.RestDocsTestExecutionListener, org.springframework.boot.test.autoconfigure.web.client.MockRestServiceServerResetTestExecutionListener, org.springframework.boot.test.autoconfigure.web.servlet.MockMvcPrintOnlyOnFailureTestExecutionListener, org.springframework.boot.test.autoconfigure.web.servlet.WebDriverTestExecutionListener, org.springframework.boot.test.mock.mockito.MockitoTestExecutionListener, org.springframework.boot.test.mock.mockito.ResetMocksTestExecutionListener, org.springframework.test.context.web.ServletTestExecutionListener, org.springframework.test.context.support.DirtiesContextBeforeModesTestExecutionListener, org.springframework.test.context.support.DependencyInjectionTestExecutionListener, org.springframework.test.context.support.DirtiesContextTestExecutionListener, org.springframework.test.context.transaction.TransactionalTestExecutionListener, org.springframework.test.context.jdbc.SqlScriptsTestExecutionListener]
2019-09-02 13:24:02.154  INFO 7240 --- [    Test worker] .b.t.c.SpringBootTestContextBootstrapper : Using TestExecutionListeners: [org.springframework.test.context.support.DirtiesContextBeforeModesTestExecutionListener@2606c65a, org.springframework.boot.test.mock.mockito.MockitoTestExecutionListener@1f605203, org.springframework.boot.test.autoconfigure.SpringBootDependencyInjectionTestExecutionListener@309281a6, org.springframework.test.context.support.DirtiesContextTestExecutionListener@6f8ecf40, org.springframework.boot.test.autoconfigure.restdocs.RestDocsTestExecutionListener@7faae0fd, org.springframework.boot.test.autoconfigure.web.client.MockRestServiceServerResetTestExecutionListener@62475541, org.springframework.boot.test.autoconfigure.web.servlet.MockMvcPrintOnlyOnFailureTestExecutionListener@46fc771e, org.springframework.boot.test.autoconfigure.web.servlet.WebDriverTestExecutionListener@5f11444e, org.springframework.boot.test.mock.mockito.ResetMocksTestExecutionListener@7794ea59]
Registering new order, ID: 1
Adding item: 10, 2 pcs
Adding item: 216, 1 pc
Adding item: 25, 1 pc
Adding item: 100, 2.5 pcs
Adding item: 11, 3 pcs
Item 100 was deleted from order
Order value is: 3425 USD
Payment was rejected
Order cannot be submitted
Order not submitted - cancelling
Order is cancelled
2019-09-02 13:24:02.170  INFO 7240 --- [    Test worker] c.k.k.facade.aop.WatherFacada            : Class: com.kodilla.kodillapatterns2.facade.api.OrderFacade
2019-09-02 13:24:02.170  INFO 7240 --- [    Test worker] c.k.k.facade.aop.WatherFacada            : Args order: [com.kodilla.kodillapatterns2.facade.api.ItemDto@1d793a4b, com.kodilla.kodillapatterns2.facade.api.ItemDto@16a7c71e, com.kodilla.kodillapatterns2.facade.api.ItemDto@4b16c123, com.kodilla.kodillapatterns2.facade.api.ItemDto@1160d6e2]
2019-09-02 13:24:02.170  INFO 7240 --- [    Test worker] c.k.k.facade.aop.WatherFacada            : Args user: 1
2019-09-02 13:24:02.170  INFO 7240 --- [    Test worker] c.k.k.facade.api.OrderFacade             : Registering new order, ID: -1
2019-09-02 13:24:02.170 ERROR 7240 --- [    Test worker] c.k.k.facade.api.OrderFacade             : User is not authorised
]]></system-out>
  <system-err><![CDATA[]]></system-err>
</testsuite>
