<?xml version="1.0" encoding="UTF-8"?>
<testsuite name="com.kodilla.kodillapatterns2.KodillaPatterns2ApplicationTests" tests="1" skipped="0" failures="0" errors="0" timestamp="2019-08-30T09:55:55" hostname="DESKTOP-6DHFJAR" time="0.001">
  <properties/>
  <testcase name="contextLoads" classname="com.kodilla.kodillapatterns2.KodillaPatterns2ApplicationTests" time="0.001"/>
  <system-out><![CDATA[2019-08-30 11:55:55.927  INFO 11348 --- [    Test worker] .b.t.c.SpringBootTestContextBootstrapper : Neither @ContextConfiguration nor @ContextHierarchy found for test class [com.kodilla.kodillapatterns2.KodillaPatterns2ApplicationTests], using SpringBootContextLoader
2019-08-30 11:55:55.927  INFO 11348 --- [    Test worker] o.s.t.c.support.AbstractContextLoader    : Could not detect default resource locations for test class [com.kodilla.kodillapatterns2.KodillaPatterns2ApplicationTests]: no resource found for suffixes {-context.xml, Context.groovy}.
2019-08-30 11:55:55.927  INFO 11348 --- [    Test worker] t.c.s.AnnotationConfigContextLoaderUtils : Could not detect default configuration classes for test class [com.kodilla.kodillapatterns2.KodillaPatterns2ApplicationTests]: KodillaPatterns2ApplicationTests does not declare any static, non-private, non-final, nested classes annotated with @Configuration.
2019-08-30 11:55:55.929  INFO 11348 --- [    Test worker] .b.t.c.SpringBootTestContextBootstrapper : Found @SpringBootConfiguration com.kodilla.kodillapatterns2.KodillaPatterns2Application for test class com.kodilla.kodillapatterns2.KodillaPatterns2ApplicationTests
2019-08-30 11:55:55.931  INFO 11348 --- [    Test worker] .b.t.c.SpringBootTestContextBootstrapper : Loaded default TestExecutionListener class names from location [META-INF/spring.factories]: [org.springframework.boot.test.autoconfigure.restdocs.RestDocsTestExecutionListener, org.springframework.boot.test.autoconfigure.web.client.MockRestServiceServerResetTestExecutionListener, org.springframework.boot.test.autoconfigure.web.servlet.MockMvcPrintOnlyOnFailureTestExecutionListener, org.springframework.boot.test.autoconfigure.web.servlet.WebDriverTestExecutionListener, org.springframework.boot.test.mock.mockito.MockitoTestExecutionListener, org.springframework.boot.test.mock.mockito.ResetMocksTestExecutionListener, org.springframework.test.context.web.ServletTestExecutionListener, org.springframework.test.context.support.DirtiesContextBeforeModesTestExecutionListener, org.springframework.test.context.support.DependencyInjectionTestExecutionListener, org.springframework.test.context.support.DirtiesContextTestExecutionListener, org.springframework.test.context.transaction.TransactionalTestExecutionListener, org.springframework.test.context.jdbc.SqlScriptsTestExecutionListener]
2019-08-30 11:55:55.931  INFO 11348 --- [    Test worker] .b.t.c.SpringBootTestContextBootstrapper : Using TestExecutionListeners: [org.springframework.test.context.support.DirtiesContextBeforeModesTestExecutionListener@504c6e91, org.springframework.boot.test.mock.mockito.MockitoTestExecutionListener@110501a0, org.springframework.boot.test.autoconfigure.SpringBootDependencyInjectionTestExecutionListener@764895a1, org.springframework.test.context.support.DirtiesContextTestExecutionListener@11d21248, org.springframework.boot.test.autoconfigure.restdocs.RestDocsTestExecutionListener@22d9de05, org.springframework.boot.test.autoconfigure.web.client.MockRestServiceServerResetTestExecutionListener@1b68c3ff, org.springframework.boot.test.autoconfigure.web.servlet.MockMvcPrintOnlyOnFailureTestExecutionListener@293fb8ae, org.springframework.boot.test.autoconfigure.web.servlet.WebDriverTestExecutionListener@287ebf93, org.springframework.boot.test.mock.mockito.ResetMocksTestExecutionListener@443b756f]
]]></system-out>
  <system-err><![CDATA[]]></system-err>
</testsuite>
