<?xml version="1.0" encoding="UTF-8"?>
<testsuite name="com.kodilla.kodillapatterns2.observer.homework.BootcampMentorsTestSuit" tests="2" skipped="0" failures="0" errors="0" timestamp="2019-09-05T09:37:41" hostname="DESKTOP-6DHFJAR" time="0.0">
  <properties/>
  <testcase name="removeObserverTest" classname="com.kodilla.kodillapatterns2.observer.homework.BootcampMentorsTestSuit" time="0.0"/>
  <testcase name="TaskQueueUpdate" classname="com.kodilla.kodillapatterns2.observer.homework.BootcampMentorsTestSuit" time="0.0"/>
  <system-out><![CDATA[John Smith: new task Bootcamp First Edition 2019
tasks quantity: 1 tasks
John Smith: new task Bootcamp First Edition 2019
tasks quantity: 1 tasks
John Smith: new task Bootcamp First Edition 2019
tasks quantity: 1 tasks
Ivone Escobar: new task Bootcamp First Edition 2019
tasks quantity: 1 tasks
Ivone Escobar: new task Bootcamp First Edition 2019
tasks quantity: 1 tasks
John Smith: new task Bootcamp Second Edition 2019
tasks quantity: 1 tasks
John Smith: new task Bootcamp Second Edition 2019
tasks quantity: 2 tasks
]]></system-out>
  <system-err><![CDATA[]]></system-err>
</testsuite>
