<?xml version="1.0" encoding="UTF-8"?>
<testsuite name="com.kodilla.kodillapatterns2.facade.ShopServiceTestSuite" tests="2" skipped="0" failures="0" errors="0" timestamp="2019-08-29T07:46:12" hostname="DESKTOP-6DHFJAR" time="0.007">
  <properties/>
  <testcase name="testShopServiceSubmitOrder" classname="com.kodilla.kodillapatterns2.facade.ShopServiceTestSuite" time="0.001"/>
  <testcase name="testShopFacade" classname="com.kodilla.kodillapatterns2.facade.ShopServiceTestSuite" time="0.006"/>
  <system-out><![CDATA[2019-08-29 09:46:12.027  INFO 9000 --- [    Test worker] .b.t.c.SpringBootTestContextBootstrapper : Neither @ContextConfiguration nor @ContextHierarchy found for test class [com.kodilla.kodillapatterns2.facade.ShopServiceTestSuite], using SpringBootContextLoader
2019-08-29 09:46:12.027  INFO 9000 --- [    Test worker] o.s.t.c.support.AbstractContextLoader    : Could not detect default resource locations for test class [com.kodilla.kodillapatterns2.facade.ShopServiceTestSuite]: no resource found for suffixes {-context.xml, Context.groovy}.
2019-08-29 09:46:12.027  INFO 9000 --- [    Test worker] t.c.s.AnnotationConfigContextLoaderUtils : Could not detect default configuration classes for test class [com.kodilla.kodillapatterns2.facade.ShopServiceTestSuite]: ShopServiceTestSuite does not declare any static, non-private, non-final, nested classes annotated with @Configuration.
2019-08-29 09:46:12.027  INFO 9000 --- [    Test worker] .b.t.c.SpringBootTestContextBootstrapper : Found @SpringBootConfiguration com.kodilla.kodillapatterns2.KodillaPatterns2Application for test class com.kodilla.kodillapatterns2.facade.ShopServiceTestSuite
2019-08-29 09:46:12.027  INFO 9000 --- [    Test worker] .b.t.c.SpringBootTestContextBootstrapper : Loaded default TestExecutionListener class names from location [META-INF/spring.factories]: [org.springframework.boot.test.autoconfigure.restdocs.RestDocsTestExecutionListener, org.springframework.boot.test.autoconfigure.web.client.MockRestServiceServerResetTestExecutionListener, org.springframework.boot.test.autoconfigure.web.servlet.MockMvcPrintOnlyOnFailureTestExecutionListener, org.springframework.boot.test.autoconfigure.web.servlet.WebDriverTestExecutionListener, org.springframework.boot.test.mock.mockito.MockitoTestExecutionListener, org.springframework.boot.test.mock.mockito.ResetMocksTestExecutionListener, org.springframework.test.context.web.ServletTestExecutionListener, org.springframework.test.context.support.DirtiesContextBeforeModesTestExecutionListener, org.springframework.test.context.support.DependencyInjectionTestExecutionListener, org.springframework.test.context.support.DirtiesContextTestExecutionListener, org.springframework.test.context.transaction.TransactionalTestExecutionListener, org.springframework.test.context.jdbc.SqlScriptsTestExecutionListener]
2019-08-29 09:46:12.027  INFO 9000 --- [    Test worker] .b.t.c.SpringBootTestContextBootstrapper : Using TestExecutionListeners: [org.springframework.test.context.support.DirtiesContextBeforeModesTestExecutionListener@46eea3e3, org.springframework.boot.test.mock.mockito.MockitoTestExecutionListener@411f69a5, org.springframework.boot.test.autoconfigure.SpringBootDependencyInjectionTestExecutionListener@6526cfde, org.springframework.test.context.support.DirtiesContextTestExecutionListener@208688fa, org.springframework.boot.test.autoconfigure.restdocs.RestDocsTestExecutionListener@13c4d6b2, org.springframework.boot.test.autoconfigure.web.client.MockRestServiceServerResetTestExecutionListener@292cc72e, org.springframework.boot.test.autoconfigure.web.servlet.MockMvcPrintOnlyOnFailureTestExecutionListener@7a27b5ea, org.springframework.boot.test.autoconfigure.web.servlet.WebDriverTestExecutionListener@6e72330c, org.springframework.boot.test.mock.mockito.ResetMocksTestExecutionListener@5b360936]
Registering new order, ID: -1
Access denied. User is not authenticated.
2019-08-29 09:46:12.027  INFO 9000 --- [    Test worker] c.k.k.facade.aop.WatherFacada            : Class: com.kodilla.kodillapatterns2.facade.api.OrderFacade
2019-08-29 09:46:12.027  INFO 9000 --- [    Test worker] c.k.k.facade.aop.WatherFacada            : Args order: [com.kodilla.kodillapatterns2.facade.api.ItemDto@2cb66c70, com.kodilla.kodillapatterns2.facade.api.ItemDto@4722bf69, com.kodilla.kodillapatterns2.facade.api.ItemDto@3639b5ac, com.kodilla.kodillapatterns2.facade.api.ItemDto@7b2dfd37]
2019-08-29 09:46:12.043  INFO 9000 --- [    Test worker] c.k.k.facade.aop.WatherFacada            : Args user: 1
2019-08-29 09:46:12.043  INFO 9000 --- [    Test worker] c.k.k.facade.api.OrderFacade             : Registering new order, ID: -1
2019-08-29 09:46:12.043 ERROR 9000 --- [    Test worker] c.k.k.facade.api.OrderFacade             : User is not authorised
]]></system-out>
  <system-err><![CDATA[]]></system-err>
</testsuite>
