<?xml version="1.0" encoding="UTF-8"?>
<testsuite name="com.kodilla.kodillapatterns2.decorator.pizza.PizzaOrderTestSuit" tests="2" skipped="0" failures="0" errors="0" timestamp="2019-09-02T20:36:16" hostname="DESKTOP-6DHFJAR" time="0.001">
  <properties/>
  <testcase name="testPizzaOrderWithAdditionalIngredients" classname="com.kodilla.kodillapatterns2.decorator.pizza.PizzaOrderTestSuit" time="0.001"/>
  <testcase name="testBasicPizzaOrderGetPriceAndIngredients" classname="com.kodilla.kodillapatterns2.decorator.pizza.PizzaOrderTestSuit" time="0.0"/>
  <system-out><![CDATA[]]></system-out>
  <system-err><![CDATA[]]></system-err>
</testsuite>
