<?xml version="1.0" encoding="UTF-8"?>
<testsuite name="com.kodilla.kodillapatterns2.decorator.taxiportal.TaxiOrderTestSuit" tests="14" skipped="0" failures="0" errors="0" timestamp="2019-08-26T20:07:12" hostname="DESKTOP-6DHFJAR" time="0.005">
  <properties/>
  <testcase name="testVipTaxiWithChildSeatExpressGetCost" classname="com.kodilla.kodillapatterns2.decorator.taxiportal.TaxiOrderTestSuit" time="0.003"/>
  <testcase name="testUberWithTwoChildSeatDescription" classname="com.kodilla.kodillapatterns2.decorator.taxiportal.TaxiOrderTestSuit" time="0.001"/>
  <testcase name="testUberWithTwoChildSeatCost" classname="com.kodilla.kodillapatterns2.decorator.taxiportal.TaxiOrderTestSuit" time="0.0"/>
  <testcase name="testUberNetworkGetCost" classname="com.kodilla.kodillapatterns2.decorator.taxiportal.TaxiOrderTestSuit" time="0.0"/>
  <testcase name="testMyTaxiWithChildSeatGetCost" classname="com.kodilla.kodillapatterns2.decorator.taxiportal.TaxiOrderTestSuit" time="0.0"/>
  <testcase name="testBasicTaxiOrderGetCost" classname="com.kodilla.kodillapatterns2.decorator.taxiportal.TaxiOrderTestSuit" time="0.0"/>
  <testcase name="testUberNetworkGetDescription" classname="com.kodilla.kodillapatterns2.decorator.taxiportal.TaxiOrderTestSuit" time="0.0"/>
  <testcase name="testMyTaxiWithChildSeatGetDescription" classname="com.kodilla.kodillapatterns2.decorator.taxiportal.TaxiOrderTestSuit" time="0.0"/>
  <testcase name="testVipTaxiWithChildSeatExpressGetDescription" classname="com.kodilla.kodillapatterns2.decorator.taxiportal.TaxiOrderTestSuit" time="0.0"/>
  <testcase name="testTaxiNetworkGetDescription" classname="com.kodilla.kodillapatterns2.decorator.taxiportal.TaxiOrderTestSuit" time="0.0"/>
  <testcase name="testTaxiNetworkGetCost" classname="com.kodilla.kodillapatterns2.decorator.taxiportal.TaxiOrderTestSuit" time="0.0"/>
  <testcase name="testBasicTaxiOrderGetDescription" classname="com.kodilla.kodillapatterns2.decorator.taxiportal.TaxiOrderTestSuit" time="0.0"/>
  <testcase name="testMyTaxiNetworkGetDescription" classname="com.kodilla.kodillapatterns2.decorator.taxiportal.TaxiOrderTestSuit" time="0.0"/>
  <testcase name="testMyTaxiNetworkGetCost" classname="com.kodilla.kodillapatterns2.decorator.taxiportal.TaxiOrderTestSuit" time="0.0"/>
  <system-out><![CDATA[]]></system-out>
  <system-err><![CDATA[]]></system-err>
</testsuite>
