<?xml version="1.0" encoding="UTF-8"?>
<testsuite name="com.kodilla.kodillapatterns2.KodillaPatterns2ApplicationTests" tests="1" skipped="0" failures="0" errors="0" timestamp="2019-08-29T07:46:12" hostname="DESKTOP-6DHFJAR" time="0.001">
  <properties/>
  <testcase name="contextLoads" classname="com.kodilla.kodillapatterns2.KodillaPatterns2ApplicationTests" time="0.001"/>
  <system-out><![CDATA[2019-08-29 09:46:12.043  INFO 9000 --- [    Test worker] .b.t.c.SpringBootTestContextBootstrapper : Neither @ContextConfiguration nor @ContextHierarchy found for test class [com.kodilla.kodillapatterns2.KodillaPatterns2ApplicationTests], using SpringBootContextLoader
2019-08-29 09:46:12.043  INFO 9000 --- [    Test worker] o.s.t.c.support.AbstractContextLoader    : Could not detect default resource locations for test class [com.kodilla.kodillapatterns2.KodillaPatterns2ApplicationTests]: no resource found for suffixes {-context.xml, Context.groovy}.
2019-08-29 09:46:12.043  INFO 9000 --- [    Test worker] t.c.s.AnnotationConfigContextLoaderUtils : Could not detect default configuration classes for test class [com.kodilla.kodillapatterns2.KodillaPatterns2ApplicationTests]: KodillaPatterns2ApplicationTests does not declare any static, non-private, non-final, nested classes annotated with @Configuration.
2019-08-29 09:46:12.043  INFO 9000 --- [    Test worker] .b.t.c.SpringBootTestContextBootstrapper : Found @SpringBootConfiguration com.kodilla.kodillapatterns2.KodillaPatterns2Application for test class com.kodilla.kodillapatterns2.KodillaPatterns2ApplicationTests
2019-08-29 09:46:12.043  INFO 9000 --- [    Test worker] .b.t.c.SpringBootTestContextBootstrapper : Loaded default TestExecutionListener class names from location [META-INF/spring.factories]: [org.springframework.boot.test.autoconfigure.restdocs.RestDocsTestExecutionListener, org.springframework.boot.test.autoconfigure.web.client.MockRestServiceServerResetTestExecutionListener, org.springframework.boot.test.autoconfigure.web.servlet.MockMvcPrintOnlyOnFailureTestExecutionListener, org.springframework.boot.test.autoconfigure.web.servlet.WebDriverTestExecutionListener, org.springframework.boot.test.mock.mockito.MockitoTestExecutionListener, org.springframework.boot.test.mock.mockito.ResetMocksTestExecutionListener, org.springframework.test.context.web.ServletTestExecutionListener, org.springframework.test.context.support.DirtiesContextBeforeModesTestExecutionListener, org.springframework.test.context.support.DependencyInjectionTestExecutionListener, org.springframework.test.context.support.DirtiesContextTestExecutionListener, org.springframework.test.context.transaction.TransactionalTestExecutionListener, org.springframework.test.context.jdbc.SqlScriptsTestExecutionListener]
2019-08-29 09:46:12.043  INFO 9000 --- [    Test worker] .b.t.c.SpringBootTestContextBootstrapper : Using TestExecutionListeners: [org.springframework.test.context.support.DirtiesContextBeforeModesTestExecutionListener@4d83be78, org.springframework.boot.test.mock.mockito.MockitoTestExecutionListener@59d326ba, org.springframework.boot.test.autoconfigure.SpringBootDependencyInjectionTestExecutionListener@330bfe5, org.springframework.test.context.support.DirtiesContextTestExecutionListener@52c304c6, org.springframework.boot.test.autoconfigure.restdocs.RestDocsTestExecutionListener@2630098, org.springframework.boot.test.autoconfigure.web.client.MockRestServiceServerResetTestExecutionListener@42450098, org.springframework.boot.test.autoconfigure.web.servlet.MockMvcPrintOnlyOnFailureTestExecutionListener@448c50a2, org.springframework.boot.test.autoconfigure.web.servlet.WebDriverTestExecutionListener@e2389c1, org.springframework.boot.test.mock.mockito.ResetMocksTestExecutionListener@14de2f5d]
]]></system-out>
  <system-err><![CDATA[]]></system-err>
</testsuite>
