<?xml version="1.0" encoding="UTF-8"?>
<testsuite name="com.kodilla.kodillapatterns2.adapter.bookclassifier.MedianAdapterTestSuite" tests="1" skipped="0" failures="0" errors="0" timestamp="2019-09-09T17:05:01" hostname="DESKTOP-6DHFJAR" time="0.003">
  <properties/>
  <testcase name="publicationYearMedianTest" classname="com.kodilla.kodillapatterns2.adapter.bookclassifier.MedianAdapterTestSuite" time="0.003"/>
  <system-out><![CDATA[2009
]]></system-out>
  <system-err><![CDATA[]]></system-err>
</testsuite>
